{
	"D:\\Users\\Administrator\\Desktop\\WebDev Document\\local-project\\react-initbase\\src\\global.d.ts": {
		"path": "D:\\Users\\Administrator\\Desktop\\WebDev Document\\local-project\\react-initbase\\src\\global.d.ts",
		"statementMap": {},
		"fnMap": {},
		"branchMap": {},
		"s": {},
		"f": {},
		"b": {}
	},
	"D:\\Users\\Administrator\\Desktop\\WebDev Document\\local-project\\react-initbase\\src\\app\\App.Client.tsx": {
		"path": "D:\\Users\\Administrator\\Desktop\\WebDev Document\\local-project\\react-initbase\\src\\app\\App.Client.tsx",
		"statementMap": {
			"0": { "start": { "line": 12, "column": 12 }, "end": { "line": 22, "column": 1 } },
			"1": { "start": { "line": 13, "column": 21 }, "end": { "line": 13, "column": 34 } },
			"2": { "start": { "line": 14, "column": 1 }, "end": { "line": 21, "column": 2 } }
		},
		"fnMap": {
			"0": {
				"name": "(anonymous_0)",
				"decl": { "start": { "line": 12, "column": 12 }, "end": { "line": 12, "column": 13 } },
				"loc": { "start": { "line": 12, "column": 18 }, "end": { "line": 22, "column": 1 } },
				"line": 12
			}
		},
		"branchMap": {},
		"s": { "0": 0, "1": 0, "2": 0 },
		"f": { "0": 0 },
		"b": {}
	},
	"D:\\Users\\Administrator\\Desktop\\WebDev Document\\local-project\\react-initbase\\src\\app\\App.Server.tsx": {
		"path": "D:\\Users\\Administrator\\Desktop\\WebDev Document\\local-project\\react-initbase\\src\\app\\App.Server.tsx",
		"statementMap": {
			"0": { "start": { "line": 12, "column": 12 }, "end": { "line": 22, "column": 1 } },
			"1": { "start": { "line": 13, "column": 21 }, "end": { "line": 13, "column": 34 } },
			"2": { "start": { "line": 14, "column": 1 }, "end": { "line": 21, "column": 2 } }
		},
		"fnMap": {
			"0": {
				"name": "(anonymous_0)",
				"decl": { "start": { "line": 12, "column": 12 }, "end": { "line": 12, "column": 13 } },
				"loc": { "start": { "line": 12, "column": 28 }, "end": { "line": 22, "column": 1 } },
				"line": 12
			}
		},
		"branchMap": {},
		"s": { "0": 0, "1": 0, "2": 0 },
		"f": { "0": 0 },
		"b": {}
	},
	"D:\\Users\\Administrator\\Desktop\\WebDev Document\\local-project\\react-initbase\\src\\app\\asserts\\style\\variable.ts": {
		"path": "D:\\Users\\Administrator\\Desktop\\WebDev Document\\local-project\\react-initbase\\src\\app\\asserts\\style\\variable.ts",
		"statementMap": {
			"0": { "start": { "line": 1, "column": 22 }, "end": { "line": 3, "column": 1 } },
			"1": { "start": { "line": 5, "column": 22 }, "end": { "line": 7, "column": 1 } }
		},
		"fnMap": {},
		"branchMap": {},
		"s": { "0": 0, "1": 0 },
		"f": {},
		"b": {}
	},
	"D:\\Users\\Administrator\\Desktop\\WebDev Document\\local-project\\react-initbase\\src\\app\\config\\config.ts": {
		"path": "D:\\Users\\Administrator\\Desktop\\WebDev Document\\local-project\\react-initbase\\src\\app\\config\\config.ts",
		"statementMap": {
			"0": { "start": { "line": 1, "column": 26 }, "end": { "line": 8, "column": 1 } },
			"1": { "start": { "line": 3, "column": 2 }, "end": { "line": 5, "column": 3 } },
			"2": { "start": { "line": 4, "column": 3 }, "end": { "line": 4, "column": 34 } },
			"3": { "start": { "line": 6, "column": 2 }, "end": { "line": 6, "column": 37 } }
		},
		"fnMap": {
			"0": {
				"name": "(anonymous_0)",
				"decl": { "start": { "line": 2, "column": 1 }, "end": { "line": 2, "column": 2 } },
				"loc": { "start": { "line": 2, "column": 26 }, "end": { "line": 7, "column": 2 } },
				"line": 2
			}
		},
		"branchMap": {
			"0": {
				"loc": { "start": { "line": 3, "column": 2 }, "end": { "line": 5, "column": 3 } },
				"type": "if",
				"locations": [
					{ "start": { "line": 3, "column": 2 }, "end": { "line": 5, "column": 3 } },
					{ "start": { "line": 3, "column": 2 }, "end": { "line": 5, "column": 3 } }
				],
				"line": 3
			}
		},
		"s": { "0": 0, "1": 0, "2": 0, "3": 0 },
		"f": { "0": 0 },
		"b": { "0": [0, 0] }
	},
	"D:\\Users\\Administrator\\Desktop\\WebDev Document\\local-project\\react-initbase\\src\\app\\model\\config.ts": {
		"path": "D:\\Users\\Administrator\\Desktop\\WebDev Document\\local-project\\react-initbase\\src\\app\\model\\config.ts",
		"statementMap": {},
		"fnMap": {},
		"branchMap": {},
		"s": {},
		"f": {},
		"b": {}
	},
	"D:\\Users\\Administrator\\Desktop\\WebDev Document\\local-project\\react-initbase\\src\\app\\model\\record.ts": {
		"path": "D:\\Users\\Administrator\\Desktop\\WebDev Document\\local-project\\react-initbase\\src\\app\\model\\record.ts",
		"statementMap": {
			"0": { "start": { "line": 7, "column": 0 }, "end": { "line": 7, "column": 37 } },
			"1": { "start": { "line": 8, "column": 0 }, "end": { "line": 8, "column": 81 } },
			"2": { "start": { "line": 10, "column": 31 }, "end": { "line": 10, "column": 66 } },
			"3": { "start": { "line": 25, "column": 27 }, "end": { "line": 25, "column": 49 } },
			"4": { "start": { "line": 26, "column": 26 }, "end": { "line": 26, "column": 47 } },
			"5": { "start": { "line": 27, "column": 1 }, "end": { "line": 35, "column": 3 } },
			"6": { "start": { "line": 28, "column": 2 }, "end": { "line": 34, "column": 3 } },
			"7": { "start": { "line": 39, "column": 1 }, "end": { "line": 51, "column": 2 } },
			"8": { "start": { "line": 40, "column": 24 }, "end": { "line": 42, "column": 4 } },
			"9": { "start": { "line": 43, "column": 31 }, "end": { "line": 43, "column": 49 } },
			"10": { "start": { "line": 44, "column": 2 }, "end": { "line": 46, "column": 3 } },
			"11": { "start": { "line": 45, "column": 3 }, "end": { "line": 45, "column": 85 } },
			"12": { "start": { "line": 47, "column": 38 }, "end": { "line": 47, "column": 76 } },
			"13": { "start": { "line": 48, "column": 2 }, "end": { "line": 48, "column": 60 } },
			"14": { "start": { "line": 50, "column": 2 }, "end": { "line": 50, "column": 100 } },
			"15": { "start": { "line": 55, "column": 1 }, "end": { "line": 66, "column": 2 } },
			"16": { "start": { "line": 56, "column": 2 }, "end": { "line": 56, "column": 18 } },
			"17": { "start": { "line": 57, "column": 24 }, "end": { "line": 57, "column": 97 } },
			"18": { "start": { "line": 58, "column": 31 }, "end": { "line": 58, "column": 49 } },
			"19": { "start": { "line": 59, "column": 2 }, "end": { "line": 61, "column": 3 } },
			"20": { "start": { "line": 60, "column": 3 }, "end": { "line": 60, "column": 85 } },
			"21": { "start": { "line": 62, "column": 35 }, "end": { "line": 62, "column": 67 } },
			"22": { "start": { "line": 63, "column": 2 }, "end": { "line": 63, "column": 54 } },
			"23": { "start": { "line": 65, "column": 2 }, "end": { "line": 65, "column": 98 } },
			"24": { "start": { "line": 70, "column": 1 }, "end": { "line": 80, "column": 2 } },
			"25": { "start": { "line": 71, "column": 2 }, "end": { "line": 71, "column": 18 } },
			"26": { "start": { "line": 72, "column": 24 }, "end": { "line": 72, "column": 100 } },
			"27": { "start": { "line": 73, "column": 31 }, "end": { "line": 73, "column": 49 } },
			"28": { "start": { "line": 74, "column": 2 }, "end": { "line": 76, "column": 3 } },
			"29": { "start": { "line": 75, "column": 3 }, "end": { "line": 75, "column": 85 } },
			"30": { "start": { "line": 77, "column": 2 }, "end": { "line": 77, "column": 47 } },
			"31": { "start": { "line": 79, "column": 2 }, "end": { "line": 79, "column": 99 } },
			"32": { "start": { "line": 84, "column": 1 }, "end": { "line": 96, "column": 2 } },
			"33": { "start": { "line": 85, "column": 2 }, "end": { "line": 85, "column": 18 } },
			"34": { "start": { "line": 86, "column": 24 }, "end": { "line": 88, "column": 4 } },
			"35": { "start": { "line": 89, "column": 31 }, "end": { "line": 89, "column": 49 } },
			"36": { "start": { "line": 90, "column": 2 }, "end": { "line": 92, "column": 3 } },
			"37": { "start": { "line": 91, "column": 3 }, "end": { "line": 91, "column": 85 } },
			"38": { "start": { "line": 93, "column": 2 }, "end": { "line": 93, "column": 47 } },
			"39": { "start": { "line": 95, "column": 2 }, "end": { "line": 95, "column": 100 } },
			"40": { "start": { "line": 100, "column": 1 }, "end": { "line": 110, "column": 2 } },
			"41": { "start": { "line": 101, "column": 2 }, "end": { "line": 101, "column": 18 } },
			"42": { "start": { "line": 102, "column": 24 }, "end": { "line": 102, "column": 104 } },
			"43": { "start": { "line": 103, "column": 31 }, "end": { "line": 103, "column": 49 } },
			"44": { "start": { "line": 104, "column": 2 }, "end": { "line": 106, "column": 3 } },
			"45": { "start": { "line": 105, "column": 3 }, "end": { "line": 105, "column": 85 } },
			"46": { "start": { "line": 107, "column": 2 }, "end": { "line": 107, "column": 47 } },
			"47": { "start": { "line": 109, "column": 2 }, "end": { "line": 109, "column": 101 } }
		},
		"fnMap": {
			"0": {
				"name": "filterList",
				"decl": { "start": { "line": 24, "column": 9 }, "end": { "line": 24, "column": 19 } },
				"loc": { "start": { "line": 24, "column": 109 }, "end": { "line": 36, "column": 1 } },
				"line": 24
			},
			"1": {
				"name": "(anonymous_1)",
				"decl": { "start": { "line": 27, "column": 17 }, "end": { "line": 27, "column": 18 } },
				"loc": { "start": { "line": 27, "column": 58 }, "end": { "line": 35, "column": 2 } },
				"line": 27
			},
			"2": {
				"name": "fetchList",
				"decl": { "start": { "line": 38, "column": 22 }, "end": { "line": 38, "column": 31 } },
				"loc": { "start": { "line": 38, "column": 93 }, "end": { "line": 52, "column": 1 } },
				"line": 38
			},
			"3": {
				"name": "addItem",
				"decl": { "start": { "line": 54, "column": 22 }, "end": { "line": 54, "column": 29 } },
				"loc": { "start": { "line": 54, "column": 89 }, "end": { "line": 67, "column": 1 } },
				"line": 54
			},
			"4": {
				"name": "delItems",
				"decl": { "start": { "line": 69, "column": 22 }, "end": { "line": 69, "column": 30 } },
				"loc": { "start": { "line": 69, "column": 78 }, "end": { "line": 81, "column": 1 } },
				"line": 69
			},
			"5": {
				"name": "fetchItem",
				"decl": { "start": { "line": 83, "column": 22 }, "end": { "line": 83, "column": 31 } },
				"loc": { "start": { "line": 83, "column": 70 }, "end": { "line": 97, "column": 1 } },
				"line": 83
			},
			"6": {
				"name": "updateItem",
				"decl": { "start": { "line": 99, "column": 22 }, "end": { "line": 99, "column": 32 } },
				"loc": { "start": { "line": 99, "column": 104 }, "end": { "line": 111, "column": 1 } },
				"line": 99
			}
		},
		"branchMap": {
			"0": {
				"loc": { "start": { "line": 24, "column": 49 }, "end": { "line": 24, "column": 84 } },
				"type": "default-arg",
				"locations": [{ "start": { "line": 24, "column": 82 }, "end": { "line": 24, "column": 84 } }],
				"line": 24
			},
			"1": {
				"loc": { "start": { "line": 25, "column": 27 }, "end": { "line": 25, "column": 49 } },
				"type": "binary-expr",
				"locations": [
					{ "start": { "line": 25, "column": 27 }, "end": { "line": 25, "column": 44 } },
					{ "start": { "line": 25, "column": 48 }, "end": { "line": 25, "column": 49 } }
				],
				"line": 25
			},
			"2": {
				"loc": { "start": { "line": 26, "column": 26 }, "end": { "line": 26, "column": 47 } },
				"type": "binary-expr",
				"locations": [
					{ "start": { "line": 26, "column": 26 }, "end": { "line": 26, "column": 42 } },
					{ "start": { "line": 26, "column": 46 }, "end": { "line": 26, "column": 47 } }
				],
				"line": 26
			},
			"3": {
				"loc": { "start": { "line": 44, "column": 2 }, "end": { "line": 46, "column": 3 } },
				"type": "if",
				"locations": [
					{ "start": { "line": 44, "column": 2 }, "end": { "line": 46, "column": 3 } },
					{ "start": { "line": 44, "column": 2 }, "end": { "line": 46, "column": 3 } }
				],
				"line": 44
			},
			"4": {
				"loc": { "start": { "line": 59, "column": 2 }, "end": { "line": 61, "column": 3 } },
				"type": "if",
				"locations": [
					{ "start": { "line": 59, "column": 2 }, "end": { "line": 61, "column": 3 } },
					{ "start": { "line": 59, "column": 2 }, "end": { "line": 61, "column": 3 } }
				],
				"line": 59
			},
			"5": {
				"loc": { "start": { "line": 74, "column": 2 }, "end": { "line": 76, "column": 3 } },
				"type": "if",
				"locations": [
					{ "start": { "line": 74, "column": 2 }, "end": { "line": 76, "column": 3 } },
					{ "start": { "line": 74, "column": 2 }, "end": { "line": 76, "column": 3 } }
				],
				"line": 74
			},
			"6": {
				"loc": { "start": { "line": 90, "column": 2 }, "end": { "line": 92, "column": 3 } },
				"type": "if",
				"locations": [
					{ "start": { "line": 90, "column": 2 }, "end": { "line": 92, "column": 3 } },
					{ "start": { "line": 90, "column": 2 }, "end": { "line": 92, "column": 3 } }
				],
				"line": 90
			},
			"7": {
				"loc": { "start": { "line": 104, "column": 2 }, "end": { "line": 106, "column": 3 } },
				"type": "if",
				"locations": [
					{ "start": { "line": 104, "column": 2 }, "end": { "line": 106, "column": 3 } },
					{ "start": { "line": 104, "column": 2 }, "end": { "line": 106, "column": 3 } }
				],
				"line": 104
			}
		},
		"s": {
			"0": 0,
			"1": 0,
			"2": 0,
			"3": 0,
			"4": 0,
			"5": 0,
			"6": 0,
			"7": 0,
			"8": 0,
			"9": 0,
			"10": 0,
			"11": 0,
			"12": 0,
			"13": 0,
			"14": 0,
			"15": 0,
			"16": 0,
			"17": 0,
			"18": 0,
			"19": 0,
			"20": 0,
			"21": 0,
			"22": 0,
			"23": 0,
			"24": 0,
			"25": 0,
			"26": 0,
			"27": 0,
			"28": 0,
			"29": 0,
			"30": 0,
			"31": 0,
			"32": 0,
			"33": 0,
			"34": 0,
			"35": 0,
			"36": 0,
			"37": 0,
			"38": 0,
			"39": 0,
			"40": 0,
			"41": 0,
			"42": 0,
			"43": 0,
			"44": 0,
			"45": 0,
			"46": 0,
			"47": 0
		},
		"f": { "0": 0, "1": 0, "2": 0, "3": 0, "4": 0, "5": 0, "6": 0 },
		"b": { "0": [0], "1": [0, 0], "2": [0, 0], "3": [0, 0], "4": [0, 0], "5": [0, 0], "6": [0, 0], "7": [0, 0] }
	},
	"D:\\Users\\Administrator\\Desktop\\WebDev Document\\local-project\\react-initbase\\src\\app\\modules\\Componnet\\ClockCanvas\\index.tsx": {
		"path": "D:\\Users\\Administrator\\Desktop\\WebDev Document\\local-project\\react-initbase\\src\\app\\modules\\Componnet\\ClockCanvas\\index.tsx",
		"statementMap": {
			"0": { "start": { "line": 5, "column": 18 }, "end": { "line": 11, "column": 1 } },
			"1": { "start": { "line": 14, "column": 24 }, "end": { "line": 14, "column": 48 } },
			"2": { "start": { "line": 15, "column": 31 }, "end": { "line": 15, "column": 55 } },
			"3": { "start": { "line": 16, "column": 29 }, "end": { "line": 16, "column": 32 } },
			"4": { "start": { "line": 17, "column": 30 }, "end": { "line": 17, "column": 33 } },
			"5": { "start": { "line": 18, "column": 21 }, "end": { "line": 25, "column": 2 } },
			"6": { "start": { "line": 19, "column": 2 }, "end": { "line": 23, "column": 4 } },
			"7": { "start": { "line": 24, "column": 2 }, "end": { "line": 24, "column": 33 } },
			"8": { "start": { "line": 26, "column": 1 }, "end": { "line": 31, "column": 7 } },
			"9": { "start": { "line": 27, "column": 2 }, "end": { "line": 27, "column": 15 } },
			"10": { "start": { "line": 28, "column": 2 }, "end": { "line": 30, "column": 3 } },
			"11": { "start": { "line": 29, "column": 3 }, "end": { "line": 29, "column": 60 } },
			"12": { "start": { "line": 32, "column": 1 }, "end": { "line": 36, "column": 2 } }
		},
		"fnMap": {
			"0": {
				"name": "ClockCanvasRoot",
				"decl": { "start": { "line": 13, "column": 9 }, "end": { "line": 13, "column": 24 } },
				"loc": { "start": { "line": 13, "column": 27 }, "end": { "line": 37, "column": 1 } },
				"line": 13
			},
			"1": {
				"name": "(anonymous_1)",
				"decl": { "start": { "line": 18, "column": 21 }, "end": { "line": 18, "column": 22 } },
				"loc": { "start": { "line": 18, "column": 27 }, "end": { "line": 25, "column": 2 } },
				"line": 18
			},
			"2": {
				"name": "(anonymous_2)",
				"decl": { "start": { "line": 26, "column": 11 }, "end": { "line": 26, "column": 12 } },
				"loc": { "start": { "line": 26, "column": 17 }, "end": { "line": 31, "column": 2 } },
				"line": 26
			},
			"3": {
				"name": "(anonymous_3)",
				"decl": { "start": { "line": 28, "column": 9 }, "end": { "line": 28, "column": 10 } },
				"loc": { "start": { "line": 28, "column": 15 }, "end": { "line": 30, "column": 3 } },
				"line": 28
			}
		},
		"branchMap": {
			"0": {
				"loc": { "start": { "line": 29, "column": 3 }, "end": { "line": 29, "column": 60 } },
				"type": "binary-expr",
				"locations": [
					{ "start": { "line": 29, "column": 3 }, "end": { "line": 29, "column": 25 } },
					{ "start": { "line": 29, "column": 29 }, "end": { "line": 29, "column": 60 } }
				],
				"line": 29
			}
		},
		"s": { "0": 0, "1": 0, "2": 0, "3": 0, "4": 0, "5": 0, "6": 0, "7": 0, "8": 0, "9": 0, "10": 0, "11": 0, "12": 0 },
		"f": { "0": 0, "1": 0, "2": 0, "3": 0 },
		"b": { "0": [0, 0] }
	},
	"D:\\Users\\Administrator\\Desktop\\WebDev Document\\local-project\\react-initbase\\src\\app\\modules\\Componnet\\PageContent\\index.tsx": {
		"path": "D:\\Users\\Administrator\\Desktop\\WebDev Document\\local-project\\react-initbase\\src\\app\\modules\\Componnet\\PageContent\\index.tsx",
		"statementMap": { "0": { "start": { "line": 5, "column": 1 }, "end": { "line": 9, "column": 2 } } },
		"fnMap": {
			"0": {
				"name": "PageContentRoot",
				"decl": { "start": { "line": 4, "column": 9 }, "end": { "line": 4, "column": 24 } },
				"loc": { "start": { "line": 4, "column": 37 }, "end": { "line": 10, "column": 1 } },
				"line": 4
			}
		},
		"branchMap": {},
		"s": { "0": 0 },
		"f": { "0": 0 },
		"b": {}
	},
	"D:\\Users\\Administrator\\Desktop\\WebDev Document\\local-project\\react-initbase\\src\\app\\modules\\Componnet\\PageFooter\\index.tsx": {
		"path": "D:\\Users\\Administrator\\Desktop\\WebDev Document\\local-project\\react-initbase\\src\\app\\modules\\Componnet\\PageFooter\\index.tsx",
		"statementMap": {
			"0": { "start": { "line": 5, "column": 19 }, "end": { "line": 5, "column": 25 } },
			"1": { "start": { "line": 7, "column": 1 }, "end": { "line": 13, "column": 2 } }
		},
		"fnMap": {
			"0": {
				"name": "PageFooterRoot",
				"decl": { "start": { "line": 6, "column": 9 }, "end": { "line": 6, "column": 23 } },
				"loc": { "start": { "line": 6, "column": 26 }, "end": { "line": 14, "column": 1 } },
				"line": 6
			}
		},
		"branchMap": {},
		"s": { "0": 0, "1": 0 },
		"f": { "0": 0 },
		"b": {}
	},
	"D:\\Users\\Administrator\\Desktop\\WebDev Document\\local-project\\react-initbase\\src\\app\\modules\\Componnet\\PageHeader\\index.tsx": {
		"path": "D:\\Users\\Administrator\\Desktop\\WebDev Document\\local-project\\react-initbase\\src\\app\\modules\\Componnet\\PageHeader\\index.tsx",
		"statementMap": {
			"0": { "start": { "line": 6, "column": 19 }, "end": { "line": 6, "column": 25 } },
			"1": { "start": { "line": 8, "column": 20 }, "end": { "line": 8, "column": 25 } },
			"2": { "start": { "line": 9, "column": 1 }, "end": { "line": 22, "column": 2 } }
		},
		"fnMap": {
			"0": {
				"name": "PageHeaderRoot",
				"decl": { "start": { "line": 7, "column": 9 }, "end": { "line": 7, "column": 23 } },
				"loc": { "start": { "line": 7, "column": 53 }, "end": { "line": 23, "column": 1 } },
				"line": 7
			}
		},
		"branchMap": {},
		"s": { "0": 0, "1": 0, "2": 0 },
		"f": { "0": 0 },
		"b": {}
	},
	"D:\\Users\\Administrator\\Desktop\\WebDev Document\\local-project\\react-initbase\\src\\app\\modules\\Componnet\\SVGLoadingMask\\index.tsx": {
		"path": "D:\\Users\\Administrator\\Desktop\\WebDev Document\\local-project\\react-initbase\\src\\app\\modules\\Componnet\\SVGLoadingMask\\index.tsx",
		"statementMap": {
			"0": { "start": { "line": 5, "column": 22 }, "end": { "line": 14, "column": 1 } },
			"1": { "start": { "line": 15, "column": 20 }, "end": { "line": 22, "column": 1 } },
			"2": { "start": { "line": 25, "column": 31 }, "end": { "line": 25, "column": 36 } },
			"3": { "start": { "line": 26, "column": 33 }, "end": { "line": 26, "column": 57 } },
			"4": { "start": { "line": 28, "column": 1 }, "end": { "line": 36, "column": 7 } },
			"5": { "start": { "line": 29, "column": 2 }, "end": { "line": 35, "column": 3 } },
			"6": { "start": { "line": 32, "column": 4 }, "end": { "line": 32, "column": 28 } },
			"7": { "start": { "line": 38, "column": 1 }, "end": { "line": 112, "column": 2 } },
			"8": { "start": { "line": 114, "column": 0 }, "end": { "line": 116, "column": 1 } }
		},
		"fnMap": {
			"0": {
				"name": "SVGLoadingMaskRoot",
				"decl": { "start": { "line": 24, "column": 9 }, "end": { "line": 24, "column": 27 } },
				"loc": { "start": { "line": 24, "column": 61 }, "end": { "line": 113, "column": 1 } },
				"line": 24
			},
			"1": {
				"name": "(anonymous_1)",
				"decl": { "start": { "line": 28, "column": 11 }, "end": { "line": 28, "column": 12 } },
				"loc": { "start": { "line": 28, "column": 17 }, "end": { "line": 36, "column": 2 } },
				"line": 28
			},
			"2": {
				"name": "(anonymous_2)",
				"decl": { "start": { "line": 31, "column": 3 }, "end": { "line": 31, "column": 4 } },
				"loc": { "start": { "line": 31, "column": 15 }, "end": { "line": 33, "column": 4 } },
				"line": 31
			}
		},
		"branchMap": {
			"0": {
				"loc": { "start": { "line": 32, "column": 4 }, "end": { "line": 32, "column": 28 } },
				"type": "binary-expr",
				"locations": [
					{ "start": { "line": 32, "column": 4 }, "end": { "line": 32, "column": 13 } },
					{ "start": { "line": 32, "column": 17 }, "end": { "line": 32, "column": 28 } }
				],
				"line": 32
			},
			"1": {
				"loc": { "start": { "line": 39, "column": 58 }, "end": { "line": 39, "column": 96 } },
				"type": "cond-expr",
				"locations": [
					{ "start": { "line": 39, "column": 67 }, "end": { "line": 39, "column": 91 } },
					{ "start": { "line": 39, "column": 94 }, "end": { "line": 39, "column": 96 } }
				],
				"line": 39
			}
		},
		"s": { "0": 0, "1": 0, "2": 0, "3": 0, "4": 0, "5": 0, "6": 0, "7": 0, "8": 0 },
		"f": { "0": 0, "1": 0, "2": 0 },
		"b": { "0": [0, 0], "1": [0, 0] }
	},
	"D:\\Users\\Administrator\\Desktop\\WebDev Document\\local-project\\react-initbase\\src\\app\\pages\\Root.tsx": {
		"path": "D:\\Users\\Administrator\\Desktop\\WebDev Document\\local-project\\react-initbase\\src\\app\\pages\\Root.tsx",
		"statementMap": {
			"0": { "start": { "line": 6, "column": 18 }, "end": { "line": 6, "column": 21 } },
			"1": { "start": { "line": 7, "column": 1 }, "end": { "line": 18, "column": 2 } }
		},
		"fnMap": {
			"0": {
				"name": "Root",
				"decl": { "start": { "line": 5, "column": 9 }, "end": { "line": 5, "column": 13 } },
				"loc": { "start": { "line": 5, "column": 26 }, "end": { "line": 19, "column": 1 } },
				"line": 5
			}
		},
		"branchMap": {},
		"s": { "0": 0, "1": 0 },
		"f": { "0": 0 },
		"b": {}
	},
	"D:\\Users\\Administrator\\Desktop\\WebDev Document\\local-project\\react-initbase\\src\\app\\pages\\ErrorPage\\404.tsx": {
		"path": "D:\\Users\\Administrator\\Desktop\\WebDev Document\\local-project\\react-initbase\\src\\app\\pages\\ErrorPage\\404.tsx",
		"statementMap": {
			"0": { "start": { "line": 5, "column": 22 }, "end": { "line": 10, "column": 1 } },
			"1": { "start": { "line": 13, "column": 1 }, "end": { "line": 20, "column": 2 } }
		},
		"fnMap": {
			"0": {
				"name": "Error404PageRoot",
				"decl": { "start": { "line": 12, "column": 9 }, "end": { "line": 12, "column": 25 } },
				"loc": { "start": { "line": 12, "column": 28 }, "end": { "line": 21, "column": 1 } },
				"line": 12
			}
		},
		"branchMap": {},
		"s": { "0": 0, "1": 0 },
		"f": { "0": 0 },
		"b": {}
	},
	"D:\\Users\\Administrator\\Desktop\\WebDev Document\\local-project\\react-initbase\\src\\app\\pages\\Home\\abstract.tsx": {
		"path": "D:\\Users\\Administrator\\Desktop\\WebDev Document\\local-project\\react-initbase\\src\\app\\pages\\Home\\abstract.tsx",
		"statementMap": {
			"0": { "start": { "line": 4, "column": 18 }, "end": { "line": 7, "column": 1 } },
			"1": { "start": { "line": 10, "column": 1 }, "end": { "line": 22, "column": 2 } }
		},
		"fnMap": {
			"0": {
				"name": "AbstractRoot",
				"decl": { "start": { "line": 9, "column": 9 }, "end": { "line": 9, "column": 21 } },
				"loc": { "start": { "line": 9, "column": 24 }, "end": { "line": 23, "column": 1 } },
				"line": 9
			}
		},
		"branchMap": {},
		"s": { "0": 0, "1": 0 },
		"f": { "0": 0 },
		"b": {}
	},
	"D:\\Users\\Administrator\\Desktop\\WebDev Document\\local-project\\react-initbase\\src\\app\\pages\\Home\\index.tsx": {
		"path": "D:\\Users\\Administrator\\Desktop\\WebDev Document\\local-project\\react-initbase\\src\\app\\pages\\Home\\index.tsx",
		"statementMap": {
			"0": { "start": { "line": 11, "column": 22 }, "end": { "line": 21, "column": 1 } },
			"1": { "start": { "line": 22, "column": 20 }, "end": { "line": 32, "column": 1 } },
			"2": { "start": { "line": 33, "column": 27 }, "end": { "line": 35, "column": 1 } },
			"3": { "start": { "line": 37, "column": 30 }, "end": { "line": 37, "column": 57 } },
			"4": { "start": { "line": 39, "column": 29 }, "end": { "line": 39, "column": 53 } },
			"5": { "start": { "line": 41, "column": 1 }, "end": { "line": 47, "column": 7 } },
			"6": { "start": { "line": 42, "column": 2 }, "end": { "line": 42, "column": 30 } },
			"7": { "start": { "line": 43, "column": 2 }, "end": { "line": 46, "column": 9 } },
			"8": { "start": { "line": 44, "column": 3 }, "end": { "line": 44, "column": 18 } },
			"9": { "start": { "line": 45, "column": 3 }, "end": { "line": 45, "column": 31 } },
			"10": { "start": { "line": 49, "column": 1 }, "end": { "line": 61, "column": 2 } }
		},
		"fnMap": {
			"0": {
				"name": "HomeRoot",
				"decl": { "start": { "line": 38, "column": 9 }, "end": { "line": 38, "column": 17 } },
				"loc": { "start": { "line": 38, "column": 20 }, "end": { "line": 62, "column": 1 } },
				"line": 38
			},
			"1": {
				"name": "(anonymous_1)",
				"decl": { "start": { "line": 41, "column": 11 }, "end": { "line": 41, "column": 12 } },
				"loc": { "start": { "line": 41, "column": 17 }, "end": { "line": 47, "column": 2 } },
				"line": 41
			},
			"2": {
				"name": "(anonymous_2)",
				"decl": { "start": { "line": 43, "column": 20 }, "end": { "line": 43, "column": 21 } },
				"loc": { "start": { "line": 43, "column": 26 }, "end": { "line": 46, "column": 3 } },
				"line": 43
			}
		},
		"branchMap": {
			"0": {
				"loc": { "start": { "line": 50, "column": 35 }, "end": { "line": 50, "column": 49 } },
				"type": "cond-expr",
				"locations": [
					{ "start": { "line": 50, "column": 44 }, "end": { "line": 50, "column": 45 } },
					{ "start": { "line": 50, "column": 48 }, "end": { "line": 50, "column": 49 } }
				],
				"line": 50
			}
		},
		"s": { "0": 0, "1": 0, "2": 0, "3": 0, "4": 0, "5": 0, "6": 0, "7": 0, "8": 0, "9": 0, "10": 0 },
		"f": { "0": 0, "1": 0, "2": 0 },
		"b": { "0": [0, 0] }
	},
	"D:\\Users\\Administrator\\Desktop\\WebDev Document\\local-project\\react-initbase\\src\\app\\pages\\Home\\link.tsx": {
		"path": "D:\\Users\\Administrator\\Desktop\\WebDev Document\\local-project\\react-initbase\\src\\app\\pages\\Home\\link.tsx",
		"statementMap": {
			"0": { "start": { "line": 5, "column": 18 }, "end": { "line": 7, "column": 1 } },
			"1": { "start": { "line": 10, "column": 1 }, "end": { "line": 18, "column": 2 } }
		},
		"fnMap": {
			"0": {
				"name": "AbstractRoot",
				"decl": { "start": { "line": 9, "column": 9 }, "end": { "line": 9, "column": 21 } },
				"loc": { "start": { "line": 9, "column": 24 }, "end": { "line": 19, "column": 1 } },
				"line": 9
			}
		},
		"branchMap": {},
		"s": { "0": 0, "1": 0 },
		"f": { "0": 0 },
		"b": {}
	},
	"D:\\Users\\Administrator\\Desktop\\WebDev Document\\local-project\\react-initbase\\src\\app\\pages\\RecordMgr\\Detail\\detail.tsx": {
		"path": "D:\\Users\\Administrator\\Desktop\\WebDev Document\\local-project\\react-initbase\\src\\app\\pages\\RecordMgr\\Detail\\detail.tsx",
		"statementMap": {
			"0": { "start": { "line": 12, "column": 23 }, "end": { "line": 18, "column": 1 } },
			"1": { "start": { "line": 13, "column": 22 }, "end": { "line": 13, "column": 64 } },
			"2": { "start": { "line": 14, "column": 1 }, "end": { "line": 16, "column": 3 } },
			"3": { "start": { "line": 15, "column": 2 }, "end": { "line": 15, "column": 103 } },
			"4": { "start": { "line": 17, "column": 1 }, "end": { "line": 17, "column": 20 } },
			"5": { "start": { "line": 21, "column": 77 }, "end": { "line": 21, "column": 82 } },
			"6": { "start": { "line": 22, "column": 33 }, "end": { "line": 22, "column": 65 } },
			"7": { "start": { "line": 23, "column": 33 }, "end": { "line": 23, "column": 56 } },
			"8": { "start": { "line": 24, "column": 37 }, "end": { "line": 24, "column": 60 } },
			"9": { "start": { "line": 25, "column": 55 }, "end": { "line": 25, "column": 78 } },
			"10": { "start": { "line": 26, "column": 53 }, "end": { "line": 26, "column": 77 } },
			"11": { "start": { "line": 27, "column": 37 }, "end": { "line": 27, "column": 57 } },
			"12": { "start": { "line": 28, "column": 29 }, "end": { "line": 28, "column": 67 } },
			"13": { "start": { "line": 30, "column": 30 }, "end": { "line": 32, "column": 2 } },
			"14": { "start": { "line": 31, "column": 2 }, "end": { "line": 31, "column": 52 } },
			"15": { "start": { "line": 33, "column": 24 }, "end": { "line": 35, "column": 2 } },
			"16": { "start": { "line": 34, "column": 2 }, "end": { "line": 34, "column": 45 } },
			"17": { "start": { "line": 37, "column": 23 }, "end": { "line": 51, "column": 2 } },
			"18": { "start": { "line": 38, "column": 2 }, "end": { "line": 50, "column": 3 } },
			"19": { "start": { "line": 39, "column": 3 }, "end": { "line": 39, "column": 20 } },
			"20": { "start": { "line": 40, "column": 3 }, "end": { "line": 40, "column": 22 } },
			"21": { "start": { "line": 41, "column": 15 }, "end": { "line": 41, "column": 47 } },
			"22": { "start": { "line": 42, "column": 3 }, "end": { "line": 42, "column": 33 } },
			"23": { "start": { "line": 43, "column": 3 }, "end": { "line": 43, "column": 23 } },
			"24": { "start": { "line": 44, "column": 3 }, "end": { "line": 44, "column": 32 } },
			"25": { "start": { "line": 46, "column": 3 }, "end": { "line": 46, "column": 21 } },
			"26": { "start": { "line": 47, "column": 3 }, "end": { "line": 47, "column": 23 } },
			"27": { "start": { "line": 48, "column": 3 }, "end": { "line": 48, "column": 31 } },
			"28": { "start": { "line": 49, "column": 3 }, "end": { "line": 49, "column": 27 } },
			"29": { "start": { "line": 52, "column": 24 }, "end": { "line": 65, "column": 2 } },
			"30": { "start": { "line": 53, "column": 2 }, "end": { "line": 64, "column": 3 } },
			"31": { "start": { "line": 54, "column": 3 }, "end": { "line": 54, "column": 30 } },
			"32": { "start": { "line": 55, "column": 15 }, "end": { "line": 55, "column": 62 } },
			"33": { "start": { "line": 56, "column": 3 }, "end": { "line": 56, "column": 31 } },
			"34": { "start": { "line": 57, "column": 3 }, "end": { "line": 57, "column": 41 } },
			"35": { "start": { "line": 58, "column": 3 }, "end": { "line": 60, "column": 5 } },
			"36": { "start": { "line": 59, "column": 4 }, "end": { "line": 59, "column": 41 } },
			"37": { "start": { "line": 62, "column": 3 }, "end": { "line": 62, "column": 31 } },
			"38": { "start": { "line": 63, "column": 3 }, "end": { "line": 63, "column": 31 } },
			"39": { "start": { "line": 67, "column": 1 }, "end": { "line": 75, "column": 7 } },
			"40": { "start": { "line": 68, "column": 44 }, "end": { "line": 68, "column": 56 } },
			"41": { "start": { "line": 69, "column": 2 }, "end": { "line": 73, "column": 3 } },
			"42": { "start": { "line": 70, "column": 3 }, "end": { "line": 70, "column": 26 } },
			"43": { "start": { "line": 71, "column": 3 }, "end": { "line": 71, "column": 30 } },
			"44": { "start": { "line": 72, "column": 3 }, "end": { "line": 72, "column": 9 } },
			"45": { "start": { "line": 74, "column": 2 }, "end": { "line": 74, "column": 31 } },
			"46": { "start": { "line": 77, "column": 1 }, "end": { "line": 92, "column": 2 } },
			"47": { "start": { "line": 94, "column": 0 }, "end": { "line": 94, "column": 34 } },
			"48": { "start": { "line": 102, "column": 2 }, "end": { "line": 105, "column": 3 } }
		},
		"fnMap": {
			"0": {
				"name": "(anonymous_0)",
				"decl": { "start": { "line": 12, "column": 23 }, "end": { "line": 12, "column": 24 } },
				"loc": { "start": { "line": 12, "column": 93 }, "end": { "line": 18, "column": 1 } },
				"line": 12
			},
			"1": {
				"name": "(anonymous_1)",
				"decl": { "start": { "line": 14, "column": 45 }, "end": { "line": 14, "column": 46 } },
				"loc": { "start": { "line": 14, "column": 84 }, "end": { "line": 16, "column": 2 } },
				"line": 14
			},
			"2": {
				"name": "RecordDetailRoot",
				"decl": { "start": { "line": 20, "column": 9 }, "end": { "line": 20, "column": 25 } },
				"loc": { "start": { "line": 20, "column": 57 }, "end": { "line": 93, "column": 1 } },
				"line": 20
			},
			"3": {
				"name": "(anonymous_3)",
				"decl": { "start": { "line": 30, "column": 30 }, "end": { "line": 30, "column": 31 } },
				"loc": { "start": { "line": 30, "column": 75 }, "end": { "line": 32, "column": 2 } },
				"line": 30
			},
			"4": {
				"name": "(anonymous_4)",
				"decl": { "start": { "line": 33, "column": 24 }, "end": { "line": 33, "column": 25 } },
				"loc": { "start": { "line": 33, "column": 69 }, "end": { "line": 35, "column": 2 } },
				"line": 33
			},
			"5": {
				"name": "(anonymous_5)",
				"decl": { "start": { "line": 37, "column": 23 }, "end": { "line": 37, "column": 24 } },
				"loc": { "start": { "line": 37, "column": 45 }, "end": { "line": 51, "column": 2 } },
				"line": 37
			},
			"6": {
				"name": "(anonymous_6)",
				"decl": { "start": { "line": 52, "column": 24 }, "end": { "line": 52, "column": 25 } },
				"loc": { "start": { "line": 52, "column": 36 }, "end": { "line": 65, "column": 2 } },
				"line": 52
			},
			"7": {
				"name": "(anonymous_7)",
				"decl": { "start": { "line": 58, "column": 21 }, "end": { "line": 58, "column": 22 } },
				"loc": { "start": { "line": 58, "column": 27 }, "end": { "line": 60, "column": 4 } },
				"line": 58
			},
			"8": {
				"name": "(anonymous_8)",
				"decl": { "start": { "line": 67, "column": 11 }, "end": { "line": 67, "column": 12 } },
				"loc": { "start": { "line": 67, "column": 17 }, "end": { "line": 75, "column": 2 } },
				"line": 67
			},
			"9": {
				"name": "(anonymous_9)",
				"decl": { "start": { "line": 101, "column": 1 }, "end": { "line": 101, "column": 2 } },
				"loc": { "start": { "line": 101, "column": 51 }, "end": { "line": 106, "column": 2 } },
				"line": 101
			}
		},
		"branchMap": {
			"0": {
				"loc": { "start": { "line": 69, "column": 2 }, "end": { "line": 73, "column": 3 } },
				"type": "if",
				"locations": [
					{ "start": { "line": 69, "column": 2 }, "end": { "line": 73, "column": 3 } },
					{ "start": { "line": 69, "column": 2 }, "end": { "line": 73, "column": 3 } }
				],
				"line": 69
			},
			"1": {
				"loc": { "start": { "line": 69, "column": 6 }, "end": { "line": 69, "column": 31 } },
				"type": "binary-expr",
				"locations": [
					{ "start": { "line": 69, "column": 6 }, "end": { "line": 69, "column": 15 } },
					{ "start": { "line": 69, "column": 19 }, "end": { "line": 69, "column": 31 } }
				],
				"line": 69
			},
			"2": {
				"loc": { "start": { "line": 80, "column": 38 }, "end": { "line": 80, "column": 75 } },
				"type": "cond-expr",
				"locations": [
					{ "start": { "line": 80, "column": 50 }, "end": { "line": 80, "column": 70 } },
					{ "start": { "line": 80, "column": 73 }, "end": { "line": 80, "column": 75 } }
				],
				"line": 80
			},
			"3": {
				"loc": { "start": { "line": 84, "column": 37 }, "end": { "line": 84, "column": 73 } },
				"type": "cond-expr",
				"locations": [
					{ "start": { "line": 84, "column": 50 }, "end": { "line": 84, "column": 68 } },
					{ "start": { "line": 84, "column": 71 }, "end": { "line": 84, "column": 73 } }
				],
				"line": 84
			},
			"4": {
				"loc": { "start": { "line": 101, "column": 2 }, "end": { "line": 101, "column": 36 } },
				"type": "default-arg",
				"locations": [{ "start": { "line": 101, "column": 34 }, "end": { "line": 101, "column": 36 } }],
				"line": 101
			}
		},
		"s": {
			"0": 0,
			"1": 0,
			"2": 0,
			"3": 0,
			"4": 0,
			"5": 0,
			"6": 0,
			"7": 0,
			"8": 0,
			"9": 0,
			"10": 0,
			"11": 0,
			"12": 0,
			"13": 0,
			"14": 0,
			"15": 0,
			"16": 0,
			"17": 0,
			"18": 0,
			"19": 0,
			"20": 0,
			"21": 0,
			"22": 0,
			"23": 0,
			"24": 0,
			"25": 0,
			"26": 0,
			"27": 0,
			"28": 0,
			"29": 0,
			"30": 0,
			"31": 0,
			"32": 0,
			"33": 0,
			"34": 0,
			"35": 0,
			"36": 0,
			"37": 0,
			"38": 0,
			"39": 0,
			"40": 0,
			"41": 0,
			"42": 0,
			"43": 0,
			"44": 0,
			"45": 0,
			"46": 0,
			"47": 0,
			"48": 0
		},
		"f": { "0": 0, "1": 0, "2": 0, "3": 0, "4": 0, "5": 0, "6": 0, "7": 0, "8": 0, "9": 0 },
		"b": { "0": [0, 0], "1": [0, 0], "2": [0, 0], "3": [0, 0], "4": [0] }
	},
	"D:\\Users\\Administrator\\Desktop\\WebDev Document\\local-project\\react-initbase\\src\\app\\pages\\RecordMgr\\Detail\\extra.tsx": {
		"path": "D:\\Users\\Administrator\\Desktop\\WebDev Document\\local-project\\react-initbase\\src\\app\\pages\\RecordMgr\\Detail\\extra.tsx",
		"statementMap": {
			"0": { "start": { "line": 8, "column": 18 }, "end": { "line": 11, "column": 1 } },
			"1": { "start": { "line": 14, "column": 44 }, "end": { "line": 14, "column": 63 } },
			"2": { "start": { "line": 15, "column": 21 }, "end": { "line": 17, "column": 2 } },
			"3": { "start": { "line": 16, "column": 2 }, "end": { "line": 16, "column": 49 } },
			"4": { "start": { "line": 18, "column": 1 }, "end": { "line": 25, "column": 2 } }
		},
		"fnMap": {
			"0": {
				"name": "Extra",
				"decl": { "start": { "line": 13, "column": 9 }, "end": { "line": 13, "column": 14 } },
				"loc": { "start": { "line": 13, "column": 35 }, "end": { "line": 26, "column": 1 } },
				"line": 13
			},
			"1": {
				"name": "(anonymous_1)",
				"decl": { "start": { "line": 15, "column": 21 }, "end": { "line": 15, "column": 22 } },
				"loc": { "start": { "line": 15, "column": 27 }, "end": { "line": 17, "column": 2 } },
				"line": 15
			}
		},
		"branchMap": {},
		"s": { "0": 0, "1": 0, "2": 0, "3": 0, "4": 0 },
		"f": { "0": 0, "1": 0 },
		"b": {}
	},
	"D:\\Users\\Administrator\\Desktop\\WebDev Document\\local-project\\react-initbase\\src\\app\\pages\\RecordMgr\\Detail\\index.tsx": {
		"path": "D:\\Users\\Administrator\\Desktop\\WebDev Document\\local-project\\react-initbase\\src\\app\\pages\\RecordMgr\\Detail\\index.tsx",
		"statementMap": {
			"0": { "start": { "line": 13, "column": 0 }, "end": { "line": 13, "column": 39 } },
			"1": { "start": { "line": 16, "column": 19 }, "end": { "line": 16, "column": 24 } },
			"2": { "start": { "line": 17, "column": 21 }, "end": { "line": 17, "column": 33 } },
			"3": { "start": { "line": 18, "column": 1 }, "end": { "line": 32, "column": 2 } }
		},
		"fnMap": {
			"0": {
				"name": "RecordDetailRoot",
				"decl": { "start": { "line": 15, "column": 9 }, "end": { "line": 15, "column": 25 } },
				"loc": { "start": { "line": 15, "column": 57 }, "end": { "line": 33, "column": 1 } },
				"line": 15
			}
		},
		"branchMap": {
			"0": {
				"loc": { "start": { "line": 21, "column": 12 }, "end": { "line": 21, "column": 27 } },
				"type": "binary-expr",
				"locations": [
					{ "start": { "line": 21, "column": 12 }, "end": { "line": 21, "column": 21 } },
					{ "start": { "line": 21, "column": 25 }, "end": { "line": 21, "column": 27 } }
				],
				"line": 21
			}
		},
		"s": { "0": 0, "1": 0, "2": 0, "3": 0 },
		"f": { "0": 0 },
		"b": { "0": [0, 0] }
	},
	"D:\\Users\\Administrator\\Desktop\\WebDev Document\\local-project\\react-initbase\\src\\app\\pages\\RecordMgr\\EditForm\\config.ts": {
		"path": "D:\\Users\\Administrator\\Desktop\\WebDev Document\\local-project\\react-initbase\\src\\app\\pages\\RecordMgr\\EditForm\\config.ts",
		"statementMap": {
			"0": { "start": { "line": 6, "column": 38 }, "end": { "line": 10, "column": 1 } },
			"1": { "start": { "line": 16, "column": 26 }, "end": { "line": 18, "column": 1 } }
		},
		"fnMap": {},
		"branchMap": {},
		"s": { "0": 0, "1": 0 },
		"f": {},
		"b": {}
	},
	"D:\\Users\\Administrator\\Desktop\\WebDev Document\\local-project\\react-initbase\\src\\app\\pages\\RecordMgr\\EditForm\\index.tsx": {
		"path": "D:\\Users\\Administrator\\Desktop\\WebDev Document\\local-project\\react-initbase\\src\\app\\pages\\RecordMgr\\EditForm\\index.tsx",
		"statementMap": {
			"0": { "start": { "line": 6, "column": 59 }, "end": { "line": 6, "column": 64 } },
			"1": { "start": { "line": 7, "column": 23 }, "end": { "line": 7, "column": 37 } },
			"2": { "start": { "line": 8, "column": 18 }, "end": { "line": 11, "column": 3 } },
			"3": { "start": { "line": 12, "column": 40 }, "end": { "line": 19, "column": 2 } },
			"4": { "start": { "line": 21, "column": 24 }, "end": { "line": 23, "column": 2 } },
			"5": { "start": { "line": 22, "column": 2 }, "end": { "line": 22, "column": 52 } },
			"6": { "start": { "line": 25, "column": 1 }, "end": { "line": 29, "column": 15 } },
			"7": { "start": { "line": 26, "column": 2 }, "end": { "line": 28, "column": 4 } },
			"8": { "start": { "line": 31, "column": 1 }, "end": { "line": 52, "column": 2 } },
			"9": { "start": { "line": 54, "column": 0 }, "end": { "line": 57, "column": 1 } }
		},
		"fnMap": {
			"0": {
				"name": "EditFormRoot",
				"decl": { "start": { "line": 5, "column": 9 }, "end": { "line": 5, "column": 21 } },
				"loc": { "start": { "line": 5, "column": 49 }, "end": { "line": 53, "column": 1 } },
				"line": 5
			},
			"1": {
				"name": "(anonymous_1)",
				"decl": { "start": { "line": 21, "column": 24 }, "end": { "line": 21, "column": 25 } },
				"loc": { "start": { "line": 21, "column": 64 }, "end": { "line": 23, "column": 2 } },
				"line": 21
			},
			"2": {
				"name": "(anonymous_2)",
				"decl": { "start": { "line": 25, "column": 11 }, "end": { "line": 25, "column": 12 } },
				"loc": { "start": { "line": 25, "column": 17 }, "end": { "line": 29, "column": 2 } },
				"line": 25
			}
		},
		"branchMap": {
			"0": {
				"loc": { "start": { "line": 22, "column": 2 }, "end": { "line": 22, "column": 52 } },
				"type": "binary-expr",
				"locations": [
					{ "start": { "line": 22, "column": 2 }, "end": { "line": 22, "column": 16 } },
					{ "start": { "line": 22, "column": 20 }, "end": { "line": 22, "column": 52 } }
				],
				"line": 22
			}
		},
		"s": { "0": 0, "1": 0, "2": 0, "3": 0, "4": 0, "5": 0, "6": 0, "7": 0, "8": 0, "9": 0 },
		"f": { "0": 0, "1": 0, "2": 0 },
		"b": { "0": [0, 0] }
	},
	"D:\\Users\\Administrator\\Desktop\\WebDev Document\\local-project\\react-initbase\\src\\app\\pages\\RecordMgr\\Error\\index.tsx": {
		"path": "D:\\Users\\Administrator\\Desktop\\WebDev Document\\local-project\\react-initbase\\src\\app\\pages\\RecordMgr\\Error\\index.tsx",
		"statementMap": {
			"0": { "start": { "line": 5, "column": 18 }, "end": { "line": 7, "column": 1 } },
			"1": { "start": { "line": 10, "column": 1 }, "end": { "line": 17, "column": 2 } }
		},
		"fnMap": {
			"0": {
				"name": "RecordErrorRoot",
				"decl": { "start": { "line": 9, "column": 9 }, "end": { "line": 9, "column": 24 } },
				"loc": { "start": { "line": 9, "column": 27 }, "end": { "line": 18, "column": 1 } },
				"line": 9
			}
		},
		"branchMap": {},
		"s": { "0": 0, "1": 0 },
		"f": { "0": 0 },
		"b": {}
	},
	"D:\\Users\\Administrator\\Desktop\\WebDev Document\\local-project\\react-initbase\\src\\app\\pages\\RecordMgr\\List\\config.ts": {
		"path": "D:\\Users\\Administrator\\Desktop\\WebDev Document\\local-project\\react-initbase\\src\\app\\pages\\RecordMgr\\List\\config.ts",
		"statementMap": {
			"0": { "start": { "line": 6, "column": 30 }, "end": { "line": 10, "column": 1 } },
			"1": { "start": { "line": 15, "column": 30 }, "end": { "line": 17, "column": 1 } }
		},
		"fnMap": {},
		"branchMap": {},
		"s": { "0": 0, "1": 0 },
		"f": {},
		"b": {}
	},
	"D:\\Users\\Administrator\\Desktop\\WebDev Document\\local-project\\react-initbase\\src\\app\\pages\\RecordMgr\\List\\index.tsx": {
		"path": "D:\\Users\\Administrator\\Desktop\\WebDev Document\\local-project\\react-initbase\\src\\app\\pages\\RecordMgr\\List\\index.tsx",
		"statementMap": {
			"0": { "start": { "line": 16, "column": 1 }, "end": { "line": 28, "column": 2 } },
			"1": { "start": { "line": 34, "column": 34 }, "end": { "line": 44, "column": 17 } },
			"2": { "start": { "line": 36, "column": 2 }, "end": { "line": 39, "column": 3 } },
			"3": { "start": { "line": 46, "column": 0 }, "end": { "line": 55, "column": 1 } },
			"4": { "start": { "line": 47, "column": 15 }, "end": { "line": 47, "column": 34 } },
			"5": { "start": { "line": 48, "column": 1 }, "end": { "line": 54, "column": 2 } }
		},
		"fnMap": {
			"0": {
				"name": "RecordListRoot",
				"decl": { "start": { "line": 15, "column": 9 }, "end": { "line": 15, "column": 23 } },
				"loc": { "start": { "line": 15, "column": 53 }, "end": { "line": 29, "column": 1 } },
				"line": 15
			},
			"1": {
				"name": "(anonymous_1)",
				"decl": { "start": { "line": 35, "column": 1 }, "end": { "line": 35, "column": 2 } },
				"loc": { "start": { "line": 35, "column": 51 }, "end": { "line": 40, "column": 2 } },
				"line": 35
			},
			"2": {
				"name": "(anonymous_2)",
				"decl": { "start": { "line": 46, "column": 39 }, "end": { "line": 46, "column": 40 } },
				"loc": { "start": { "line": 46, "column": 69 }, "end": { "line": 55, "column": 1 } },
				"line": 46
			}
		},
		"branchMap": {
			"0": {
				"loc": { "start": { "line": 35, "column": 2 }, "end": { "line": 35, "column": 36 } },
				"type": "default-arg",
				"locations": [{ "start": { "line": 35, "column": 34 }, "end": { "line": 35, "column": 36 } }],
				"line": 35
			},
			"1": {
				"loc": { "start": { "line": 47, "column": 15 }, "end": { "line": 47, "column": 34 } },
				"type": "binary-expr",
				"locations": [
					{ "start": { "line": 47, "column": 15 }, "end": { "line": 47, "column": 28 } },
					{ "start": { "line": 47, "column": 32 }, "end": { "line": 47, "column": 34 } }
				],
				"line": 47
			},
			"2": {
				"loc": { "start": { "line": 50, "column": 13 }, "end": { "line": 50, "column": 33 } },
				"type": "binary-expr",
				"locations": [
					{ "start": { "line": 50, "column": 13 }, "end": { "line": 50, "column": 27 } },
					{ "start": { "line": 50, "column": 31 }, "end": { "line": 50, "column": 33 } }
				],
				"line": 50
			}
		},
		"s": { "0": 0, "1": 0, "2": 0, "3": 0, "4": 0, "5": 0 },
		"f": { "0": 0, "1": 0, "2": 0 },
		"b": { "0": [0], "1": [0, 0], "2": [0, 0] }
	},
	"D:\\Users\\Administrator\\Desktop\\WebDev Document\\local-project\\react-initbase\\src\\app\\pages\\RecordMgr\\List\\list.tsx": {
		"path": "D:\\Users\\Administrator\\Desktop\\WebDev Document\\local-project\\react-initbase\\src\\app\\pages\\RecordMgr\\List\\list.tsx",
		"statementMap": {
			"0": { "start": { "line": 16, "column": 20 }, "end": { "line": 16, "column": 26 } },
			"1": { "start": { "line": 19, "column": 1 }, "end": { "line": 19, "column": 43 } },
			"2": { "start": { "line": 30, "column": 5 }, "end": { "line": 30, "column": 10 } },
			"3": { "start": { "line": 31, "column": 37 }, "end": { "line": 31, "column": 61 } },
			"4": { "start": { "line": 32, "column": 37 }, "end": { "line": 32, "column": 61 } },
			"5": { "start": { "line": 33, "column": 41 }, "end": { "line": 33, "column": 65 } },
			"6": { "start": { "line": 34, "column": 57 }, "end": { "line": 34, "column": 81 } },
			"7": { "start": { "line": 35, "column": 61 }, "end": { "line": 35, "column": 93 } },
			"8": { "start": { "line": 37, "column": 29 }, "end": { "line": 37, "column": 53 } },
			"9": { "start": { "line": 38, "column": 1 }, "end": { "line": 38, "column": 41 } },
			"10": { "start": { "line": 39, "column": 29 }, "end": { "line": 39, "column": 53 } },
			"11": { "start": { "line": 40, "column": 1 }, "end": { "line": 40, "column": 41 } },
			"12": { "start": { "line": 41, "column": 28 }, "end": { "line": 41, "column": 52 } },
			"13": { "start": { "line": 42, "column": 1 }, "end": { "line": 42, "column": 34 } },
			"14": { "start": { "line": 44, "column": 22 }, "end": { "line": 49, "column": 7 } },
			"15": { "start": { "line": 45, "column": 2 }, "end": { "line": 48, "column": 4 } },
			"16": { "start": { "line": 51, "column": 21 }, "end": { "line": 60, "column": 7 } },
			"17": { "start": { "line": 52, "column": 2 }, "end": { "line": 59, "column": 4 } },
			"18": { "start": { "line": 62, "column": 31 }, "end": { "line": 67, "column": 7 } },
			"19": { "start": { "line": 63, "column": 16 }, "end": { "line": 63, "column": 34 } },
			"20": { "start": { "line": 64, "column": 2 }, "end": { "line": 66, "column": 4 } },
			"21": { "start": { "line": 65, "column": 3 }, "end": { "line": 65, "column": 44 } },
			"22": { "start": { "line": 69, "column": 32 }, "end": { "line": 73, "column": 7 } },
			"23": { "start": { "line": 70, "column": 2 }, "end": { "line": 72, "column": 3 } },
			"24": { "start": { "line": 71, "column": 3 }, "end": { "line": 71, "column": 85 } },
			"25": { "start": { "line": 75, "column": 28 }, "end": { "line": 80, "column": 7 } },
			"26": { "start": { "line": 76, "column": 2 }, "end": { "line": 79, "column": 4 } },
			"27": { "start": { "line": 82, "column": 24 }, "end": { "line": 95, "column": 7 } },
			"28": { "start": { "line": 83, "column": 2 }, "end": { "line": 83, "column": 23 } },
			"29": { "start": { "line": 84, "column": 2 }, "end": { "line": 94, "column": 3 } },
			"30": { "start": { "line": 85, "column": 15 }, "end": { "line": 85, "column": 51 } },
			"31": { "start": { "line": 86, "column": 22 }, "end": { "line": 86, "column": 110 } },
			"32": { "start": { "line": 87, "column": 3 }, "end": { "line": 89, "column": 5 } },
			"33": { "start": { "line": 88, "column": 4 }, "end": { "line": 88, "column": 40 } },
			"34": { "start": { "line": 90, "column": 3 }, "end": { "line": 90, "column": 25 } },
			"35": { "start": { "line": 92, "column": 3 }, "end": { "line": 92, "column": 31 } },
			"36": { "start": { "line": 93, "column": 3 }, "end": { "line": 93, "column": 25 } },
			"37": { "start": { "line": 97, "column": 23 }, "end": { "line": 112, "column": 7 } },
			"38": { "start": { "line": 98, "column": 35 }, "end": { "line": 104, "column": 5 } },
			"39": { "start": { "line": 100, "column": 4 }, "end": { "line": 100, "column": 24 } },
			"40": { "start": { "line": 103, "column": 4 }, "end": { "line": 103, "column": 18 } },
			"41": { "start": { "line": 105, "column": 2 }, "end": { "line": 111, "column": 3 } },
			"42": { "start": { "line": 106, "column": 15 }, "end": { "line": 106, "column": 61 } },
			"43": { "start": { "line": 107, "column": 3 }, "end": { "line": 107, "column": 41 } },
			"44": { "start": { "line": 108, "column": 3 }, "end": { "line": 108, "column": 33 } },
			"45": { "start": { "line": 110, "column": 3 }, "end": { "line": 110, "column": 31 } },
			"46": { "start": { "line": 114, "column": 26 }, "end": { "line": 117, "column": 7 } },
			"47": { "start": { "line": 115, "column": 2 }, "end": { "line": 115, "column": 45 } },
			"48": { "start": { "line": 116, "column": 2 }, "end": { "line": 116, "column": 31 } },
			"49": { "start": { "line": 119, "column": 1 }, "end": { "line": 126, "column": 15 } },
			"50": { "start": { "line": 120, "column": 20 }, "end": { "line": 120, "column": 76 } },
			"51": { "start": { "line": 121, "column": 19 }, "end": { "line": 121, "column": 73 } },
			"52": { "start": { "line": 122, "column": 19 }, "end": { "line": 122, "column": 66 } },
			"53": { "start": { "line": 123, "column": 2 }, "end": { "line": 123, "column": 67 } },
			"54": { "start": { "line": 124, "column": 2 }, "end": { "line": 124, "column": 44 } },
			"55": { "start": { "line": 125, "column": 2 }, "end": { "line": 125, "column": 51 } },
			"56": { "start": { "line": 128, "column": 1 }, "end": { "line": 136, "column": 27 } },
			"57": { "start": { "line": 129, "column": 2 }, "end": { "line": 131, "column": 3 } },
			"58": { "start": { "line": 130, "column": 3 }, "end": { "line": 130, "column": 9 } },
			"59": { "start": { "line": 132, "column": 46 }, "end": { "line": 134, "column": 4 } },
			"60": { "start": { "line": 133, "column": 3 }, "end": { "line": 133, "column": 23 } },
			"61": { "start": { "line": 135, "column": 2 }, "end": { "line": 135, "column": 77 } },
			"62": { "start": { "line": 138, "column": 1 }, "end": { "line": 189, "column": 2 } },
			"63": { "start": { "line": 181, "column": 5 }, "end": { "line": 181, "column": 35 } },
			"64": { "start": { "line": 204, "column": 2 }, "end": { "line": 207, "column": 3 } }
		},
		"fnMap": {
			"0": {
				"name": "RecordList",
				"decl": { "start": { "line": 18, "column": 9 }, "end": { "line": 18, "column": 19 } },
				"loc": { "start": { "line": 18, "column": 46 }, "end": { "line": 190, "column": 1 } },
				"line": 18
			},
			"1": {
				"name": "(anonymous_1)",
				"decl": { "start": { "line": 44, "column": 34 }, "end": { "line": 44, "column": 35 } },
				"loc": { "start": { "line": 44, "column": 46 }, "end": { "line": 49, "column": 2 } },
				"line": 44
			},
			"2": {
				"name": "(anonymous_2)",
				"decl": { "start": { "line": 51, "column": 33 }, "end": { "line": 51, "column": 34 } },
				"loc": { "start": { "line": 51, "column": 45 }, "end": { "line": 60, "column": 2 } },
				"line": 51
			},
			"3": {
				"name": "(anonymous_3)",
				"decl": { "start": { "line": 62, "column": 43 }, "end": { "line": 62, "column": 44 } },
				"loc": { "start": { "line": 62, "column": 52 }, "end": { "line": 67, "column": 2 } },
				"line": 62
			},
			"4": {
				"name": "(anonymous_4)",
				"decl": { "start": { "line": 64, "column": 16 }, "end": { "line": 64, "column": 17 } },
				"loc": { "start": { "line": 64, "column": 49 }, "end": { "line": 66, "column": 3 } },
				"line": 64
			},
			"5": {
				"name": "(anonymous_5)",
				"decl": { "start": { "line": 69, "column": 44 }, "end": { "line": 69, "column": 45 } },
				"loc": { "start": { "line": 69, "column": 74 }, "end": { "line": 73, "column": 2 } },
				"line": 69
			},
			"6": {
				"name": "(anonymous_6)",
				"decl": { "start": { "line": 75, "column": 40 }, "end": { "line": 75, "column": 41 } },
				"loc": { "start": { "line": 75, "column": 93 }, "end": { "line": 80, "column": 2 } },
				"line": 75
			},
			"7": {
				"name": "(anonymous_7)",
				"decl": { "start": { "line": 82, "column": 36 }, "end": { "line": 82, "column": 37 } },
				"loc": { "start": { "line": 82, "column": 52 }, "end": { "line": 95, "column": 2 } },
				"line": 82
			},
			"8": {
				"name": "(anonymous_8)",
				"decl": { "start": { "line": 87, "column": 17 }, "end": { "line": 87, "column": 18 } },
				"loc": { "start": { "line": 87, "column": 50 }, "end": { "line": 89, "column": 4 } },
				"line": 87
			},
			"9": {
				"name": "(anonymous_9)",
				"decl": { "start": { "line": 97, "column": 35 }, "end": { "line": 97, "column": 36 } },
				"loc": { "start": { "line": 97, "column": 47 }, "end": { "line": 112, "column": 2 } },
				"line": 97
			},
			"10": {
				"name": "(anonymous_10)",
				"decl": { "start": { "line": 99, "column": 11 }, "end": { "line": 99, "column": 12 } },
				"loc": { "start": { "line": 99, "column": 52 }, "end": { "line": 101, "column": 4 } },
				"line": 99
			},
			"11": {
				"name": "(anonymous_11)",
				"decl": { "start": { "line": 102, "column": 8 }, "end": { "line": 102, "column": 9 } },
				"loc": { "start": { "line": 102, "column": 49 }, "end": { "line": 104, "column": 4 } },
				"line": 102
			},
			"12": {
				"name": "(anonymous_12)",
				"decl": { "start": { "line": 114, "column": 38 }, "end": { "line": 114, "column": 39 } },
				"loc": { "start": { "line": 114, "column": 68 }, "end": { "line": 117, "column": 2 } },
				"line": 114
			},
			"13": {
				"name": "(anonymous_13)",
				"decl": { "start": { "line": 119, "column": 11 }, "end": { "line": 119, "column": 12 } },
				"loc": { "start": { "line": 119, "column": 17 }, "end": { "line": 126, "column": 2 } },
				"line": 119
			},
			"14": {
				"name": "(anonymous_14)",
				"decl": { "start": { "line": 128, "column": 11 }, "end": { "line": 128, "column": 12 } },
				"loc": { "start": { "line": 128, "column": 17 }, "end": { "line": 136, "column": 2 } },
				"line": 128
			},
			"15": {
				"name": "(anonymous_15)",
				"decl": { "start": { "line": 132, "column": 58 }, "end": { "line": 132, "column": 59 } },
				"loc": { "start": { "line": 132, "column": 99 }, "end": { "line": 134, "column": 3 } },
				"line": 132
			},
			"16": {
				"name": "(anonymous_16)",
				"decl": { "start": { "line": 180, "column": 14 }, "end": { "line": 180, "column": 15 } },
				"loc": { "start": { "line": 180, "column": 20 }, "end": { "line": 182, "column": 5 } },
				"line": 180
			},
			"17": {
				"name": "(anonymous_17)",
				"decl": { "start": { "line": 203, "column": 1 }, "end": { "line": 203, "column": 2 } },
				"loc": { "start": { "line": 203, "column": 51 }, "end": { "line": 208, "column": 2 } },
				"line": 203
			}
		},
		"branchMap": {
			"0": {
				"loc": { "start": { "line": 70, "column": 2 }, "end": { "line": 72, "column": 3 } },
				"type": "if",
				"locations": [
					{ "start": { "line": 70, "column": 2 }, "end": { "line": 72, "column": 3 } },
					{ "start": { "line": 70, "column": 2 }, "end": { "line": 72, "column": 3 } }
				],
				"line": 70
			},
			"1": {
				"loc": { "start": { "line": 78, "column": 43 }, "end": { "line": 78, "column": 78 } },
				"type": "binary-expr",
				"locations": [
					{ "start": { "line": 78, "column": 43 }, "end": { "line": 78, "column": 51 } },
					{ "start": { "line": 78, "column": 55 }, "end": { "line": 78, "column": 78 } }
				],
				"line": 78
			},
			"2": {
				"loc": { "start": { "line": 86, "column": 22 }, "end": { "line": 86, "column": 110 } },
				"type": "cond-expr",
				"locations": [
					{ "start": { "line": 86, "column": 67 }, "end": { "line": 86, "column": 86 } },
					{ "start": { "line": 86, "column": 89 }, "end": { "line": 86, "column": 110 } }
				],
				"line": 86
			},
			"3": {
				"loc": { "start": { "line": 120, "column": 20 }, "end": { "line": 120, "column": 76 } },
				"type": "binary-expr",
				"locations": [
					{ "start": { "line": 120, "column": 20 }, "end": { "line": 120, "column": 52 } },
					{ "start": { "line": 120, "column": 56 }, "end": { "line": 120, "column": 76 } }
				],
				"line": 120
			},
			"4": {
				"loc": { "start": { "line": 121, "column": 19 }, "end": { "line": 121, "column": 73 } },
				"type": "binary-expr",
				"locations": [
					{ "start": { "line": 121, "column": 19 }, "end": { "line": 121, "column": 50 } },
					{ "start": { "line": 121, "column": 54 }, "end": { "line": 121, "column": 73 } }
				],
				"line": 121
			},
			"5": {
				"loc": { "start": { "line": 122, "column": 29 }, "end": { "line": 122, "column": 65 } },
				"type": "binary-expr",
				"locations": [
					{ "start": { "line": 122, "column": 29 }, "end": { "line": 122, "column": 59 } },
					{ "start": { "line": 122, "column": 63 }, "end": { "line": 122, "column": 65 } }
				],
				"line": 122
			},
			"6": {
				"loc": { "start": { "line": 129, "column": 2 }, "end": { "line": 131, "column": 3 } },
				"type": "if",
				"locations": [
					{ "start": { "line": 129, "column": 2 }, "end": { "line": 131, "column": 3 } },
					{ "start": { "line": 129, "column": 2 }, "end": { "line": 131, "column": 3 } }
				],
				"line": 129
			},
			"7": {
				"loc": { "start": { "line": 135, "column": 28 }, "end": { "line": 135, "column": 76 } },
				"type": "cond-expr",
				"locations": [
					{ "start": { "line": 135, "column": 50 }, "end": { "line": 135, "column": 71 } },
					{ "start": { "line": 135, "column": 74 }, "end": { "line": 135, "column": 76 } }
				],
				"line": 135
			},
			"8": {
				"loc": { "start": { "line": 203, "column": 2 }, "end": { "line": 203, "column": 36 } },
				"type": "default-arg",
				"locations": [{ "start": { "line": 203, "column": 34 }, "end": { "line": 203, "column": 36 } }],
				"line": 203
			}
		},
		"s": {
			"0": 0,
			"1": 0,
			"2": 0,
			"3": 0,
			"4": 0,
			"5": 0,
			"6": 0,
			"7": 0,
			"8": 0,
			"9": 0,
			"10": 0,
			"11": 0,
			"12": 0,
			"13": 0,
			"14": 0,
			"15": 0,
			"16": 0,
			"17": 0,
			"18": 0,
			"19": 0,
			"20": 0,
			"21": 0,
			"22": 0,
			"23": 0,
			"24": 0,
			"25": 0,
			"26": 0,
			"27": 0,
			"28": 0,
			"29": 0,
			"30": 0,
			"31": 0,
			"32": 0,
			"33": 0,
			"34": 0,
			"35": 0,
			"36": 0,
			"37": 0,
			"38": 0,
			"39": 0,
			"40": 0,
			"41": 0,
			"42": 0,
			"43": 0,
			"44": 0,
			"45": 0,
			"46": 0,
			"47": 0,
			"48": 0,
			"49": 0,
			"50": 0,
			"51": 0,
			"52": 0,
			"53": 0,
			"54": 0,
			"55": 0,
			"56": 0,
			"57": 0,
			"58": 0,
			"59": 0,
			"60": 0,
			"61": 0,
			"62": 0,
			"63": 0,
			"64": 0
		},
		"f": {
			"0": 0,
			"1": 0,
			"2": 0,
			"3": 0,
			"4": 0,
			"5": 0,
			"6": 0,
			"7": 0,
			"8": 0,
			"9": 0,
			"10": 0,
			"11": 0,
			"12": 0,
			"13": 0,
			"14": 0,
			"15": 0,
			"16": 0,
			"17": 0
		},
		"b": { "0": [0, 0], "1": [0, 0], "2": [0, 0], "3": [0, 0], "4": [0, 0], "5": [0, 0], "6": [0, 0], "7": [0, 0], "8": [0] }
	},
	"D:\\Users\\Administrator\\Desktop\\WebDev Document\\local-project\\react-initbase\\src\\app\\pages\\RecordMgr\\List\\mode.tsx": {
		"path": "D:\\Users\\Administrator\\Desktop\\WebDev Document\\local-project\\react-initbase\\src\\app\\pages\\RecordMgr\\List\\mode.tsx",
		"statementMap": {
			"0": { "start": { "line": 4, "column": 18 }, "end": { "line": 6, "column": 1 } },
			"1": { "start": { "line": 7, "column": 16 }, "end": { "line": 10, "column": 1 } },
			"2": { "start": { "line": 13, "column": 23 }, "end": { "line": 13, "column": 28 } },
			"3": { "start": { "line": 14, "column": 1 }, "end": { "line": 18, "column": 2 } },
			"4": { "start": { "line": 23, "column": 0 }, "end": { "line": 25, "column": 1 } }
		},
		"fnMap": {
			"0": {
				"name": "ModeRoot",
				"decl": { "start": { "line": 12, "column": 9 }, "end": { "line": 12, "column": 17 } },
				"loc": { "start": { "line": 12, "column": 41 }, "end": { "line": 19, "column": 1 } },
				"line": 12
			}
		},
		"branchMap": {},
		"s": { "0": 0, "1": 0, "2": 0, "3": 0, "4": 0 },
		"f": { "0": 0 },
		"b": {}
	},
	"D:\\Users\\Administrator\\Desktop\\WebDev Document\\local-project\\react-initbase\\src\\app\\pages\\RecordMgr\\List\\utils.ts": {
		"path": "D:\\Users\\Administrator\\Desktop\\WebDev Document\\local-project\\react-initbase\\src\\app\\pages\\RecordMgr\\List\\utils.ts",
		"statementMap": {
			"0": { "start": { "line": 1, "column": 34 }, "end": { "line": 7, "column": 1 } },
			"1": { "start": { "line": 2, "column": 14 }, "end": { "line": 2, "column": 60 } },
			"2": { "start": { "line": 3, "column": 1 }, "end": { "line": 5, "column": 2 } },
			"3": { "start": { "line": 4, "column": 2 }, "end": { "line": 4, "column": 57 } },
			"4": { "start": { "line": 6, "column": 1 }, "end": { "line": 6, "column": 14 } }
		},
		"fnMap": {
			"0": {
				"name": "(anonymous_0)",
				"decl": { "start": { "line": 1, "column": 34 }, "end": { "line": 1, "column": 35 } },
				"loc": { "start": { "line": 1, "column": 93 }, "end": { "line": 7, "column": 1 } },
				"line": 1
			}
		},
		"branchMap": {
			"0": {
				"loc": { "start": { "line": 3, "column": 1 }, "end": { "line": 5, "column": 2 } },
				"type": "if",
				"locations": [
					{ "start": { "line": 3, "column": 1 }, "end": { "line": 5, "column": 2 } },
					{ "start": { "line": 3, "column": 1 }, "end": { "line": 5, "column": 2 } }
				],
				"line": 3
			},
			"1": {
				"loc": { "start": { "line": 3, "column": 5 }, "end": { "line": 3, "column": 32 } },
				"type": "binary-expr",
				"locations": [
					{ "start": { "line": 3, "column": 5 }, "end": { "line": 3, "column": 13 } },
					{ "start": { "line": 3, "column": 17 }, "end": { "line": 3, "column": 32 } }
				],
				"line": 3
			}
		},
		"s": { "0": 0, "1": 0, "2": 0, "3": 0, "4": 0 },
		"f": { "0": 0 },
		"b": { "0": [0, 0], "1": [0, 0] }
	},
	"D:\\Users\\Administrator\\Desktop\\WebDev Document\\local-project\\react-initbase\\src\\app\\pages\\RecordMgr\\ListFilterForm\\index.tsx": {
		"path": "D:\\Users\\Administrator\\Desktop\\WebDev Document\\local-project\\react-initbase\\src\\app\\pages\\RecordMgr\\ListFilterForm\\index.tsx",
		"statementMap": {
			"0": { "start": { "line": 11, "column": 23 }, "end": { "line": 11, "column": 43 } },
			"1": { "start": { "line": 14, "column": 142 }, "end": { "line": 14, "column": 147 } },
			"2": { "start": { "line": 15, "column": 23 }, "end": { "line": 15, "column": 28 } },
			"3": { "start": { "line": 17, "column": 22 }, "end": { "line": 19, "column": 2 } },
			"4": { "start": { "line": 18, "column": 2 }, "end": { "line": 18, "column": 34 } },
			"5": { "start": { "line": 21, "column": 28 }, "end": { "line": 47, "column": 2 } },
			"6": { "start": { "line": 22, "column": 2 }, "end": { "line": 46, "column": 4 } },
			"7": { "start": { "line": 27, "column": 64 }, "end": { "line": 27, "column": 88 } },
			"8": { "start": { "line": 28, "column": 4 }, "end": { "line": 28, "column": 28 } },
			"9": { "start": { "line": 31, "column": 4 }, "end": { "line": 31, "column": 43 } },
			"10": { "start": { "line": 39, "column": 5 }, "end": { "line": 39, "column": 54 } },
			"11": { "start": { "line": 42, "column": 65 }, "end": { "line": 42, "column": 89 } },
			"12": { "start": { "line": 43, "column": 5 }, "end": { "line": 43, "column": 29 } },
			"13": { "start": { "line": 49, "column": 24 }, "end": { "line": 74, "column": 2 } },
			"14": { "start": { "line": 50, "column": 2 }, "end": { "line": 73, "column": 3 } },
			"15": { "start": { "line": 51, "column": 3 }, "end": { "line": 54, "column": 4 } },
			"16": { "start": { "line": 52, "column": 4 }, "end": { "line": 52, "column": 36 } },
			"17": { "start": { "line": 53, "column": 4 }, "end": { "line": 53, "column": 16 } },
			"18": { "start": { "line": 55, "column": 3 }, "end": { "line": 55, "column": 25 } },
			"19": { "start": { "line": 56, "column": 3 }, "end": { "line": 58, "column": 5 } },
			"20": { "start": { "line": 57, "column": 4 }, "end": { "line": 57, "column": 48 } },
			"21": { "start": { "line": 59, "column": 3 }, "end": { "line": 59, "column": 32 } },
			"22": { "start": { "line": 60, "column": 3 }, "end": { "line": 62, "column": 5 } },
			"23": { "start": { "line": 61, "column": 4 }, "end": { "line": 61, "column": 53 } },
			"24": { "start": { "line": 63, "column": 3 }, "end": { "line": 63, "column": 39 } },
			"25": { "start": { "line": 64, "column": 3 }, "end": { "line": 66, "column": 5 } },
			"26": { "start": { "line": 65, "column": 4 }, "end": { "line": 65, "column": 49 } },
			"27": { "start": { "line": 67, "column": 3 }, "end": { "line": 67, "column": 40 } },
			"28": { "start": { "line": 69, "column": 3 }, "end": { "line": 71, "column": 5 } },
			"29": { "start": { "line": 70, "column": 4 }, "end": { "line": 70, "column": 49 } },
			"30": { "start": { "line": 72, "column": 3 }, "end": { "line": 72, "column": 27 } },
			"31": { "start": { "line": 76, "column": 1 }, "end": { "line": 106, "column": 2 } },
			"32": { "start": { "line": 87, "column": 7 }, "end": { "line": 87, "column": 28 } },
			"33": { "start": { "line": 108, "column": 0 }, "end": { "line": 110, "column": 1 } }
		},
		"fnMap": {
			"0": {
				"name": "ListFilterFormRoot",
				"decl": { "start": { "line": 13, "column": 9 }, "end": { "line": 13, "column": 27 } },
				"loc": { "start": { "line": 13, "column": 61 }, "end": { "line": 107, "column": 1 } },
				"line": 13
			},
			"1": {
				"name": "(anonymous_1)",
				"decl": { "start": { "line": 17, "column": 22 }, "end": { "line": 17, "column": 23 } },
				"loc": { "start": { "line": 17, "column": 38 }, "end": { "line": 19, "column": 2 } },
				"line": 17
			},
			"2": {
				"name": "(anonymous_2)",
				"decl": { "start": { "line": 21, "column": 28 }, "end": { "line": 21, "column": 29 } },
				"loc": { "start": { "line": 21, "column": 34 }, "end": { "line": 47, "column": 2 } },
				"line": 21
			},
			"3": {
				"name": "(anonymous_3)",
				"decl": { "start": { "line": 26, "column": 3 }, "end": { "line": 26, "column": 4 } },
				"loc": { "start": { "line": 26, "column": 10 }, "end": { "line": 29, "column": 4 } },
				"line": 26
			},
			"4": {
				"name": "(anonymous_4)",
				"decl": { "start": { "line": 30, "column": 3 }, "end": { "line": 30, "column": 4 } },
				"loc": { "start": { "line": 30, "column": 14 }, "end": { "line": 32, "column": 4 } },
				"line": 30
			},
			"5": {
				"name": "(anonymous_5)",
				"decl": { "start": { "line": 38, "column": 4 }, "end": { "line": 38, "column": 5 } },
				"loc": { "start": { "line": 38, "column": 30 }, "end": { "line": 40, "column": 5 } },
				"line": 38
			},
			"6": {
				"name": "(anonymous_6)",
				"decl": { "start": { "line": 41, "column": 4 }, "end": { "line": 41, "column": 5 } },
				"loc": { "start": { "line": 41, "column": 32 }, "end": { "line": 44, "column": 5 } },
				"line": 41
			},
			"7": {
				"name": "(anonymous_7)",
				"decl": { "start": { "line": 49, "column": 24 }, "end": { "line": 49, "column": 25 } },
				"loc": { "start": { "line": 49, "column": 69 }, "end": { "line": 74, "column": 2 } },
				"line": 49
			},
			"8": {
				"name": "(anonymous_8)",
				"decl": { "start": { "line": 56, "column": 27 }, "end": { "line": 56, "column": 28 } },
				"loc": { "start": { "line": 56, "column": 46 }, "end": { "line": 58, "column": 4 } },
				"line": 56
			},
			"9": {
				"name": "(anonymous_9)",
				"decl": { "start": { "line": 60, "column": 33 }, "end": { "line": 60, "column": 34 } },
				"loc": { "start": { "line": 60, "column": 72 }, "end": { "line": 62, "column": 4 } },
				"line": 60
			},
			"10": {
				"name": "(anonymous_10)",
				"decl": { "start": { "line": 64, "column": 27 }, "end": { "line": 64, "column": 28 } },
				"loc": { "start": { "line": 64, "column": 46 }, "end": { "line": 66, "column": 4 } },
				"line": 64
			},
			"11": {
				"name": "(anonymous_11)",
				"decl": { "start": { "line": 69, "column": 27 }, "end": { "line": 69, "column": 28 } },
				"loc": { "start": { "line": 69, "column": 46 }, "end": { "line": 71, "column": 4 } },
				"line": 69
			},
			"12": {
				"name": "(anonymous_12)",
				"decl": { "start": { "line": 86, "column": 15 }, "end": { "line": 86, "column": 16 } },
				"loc": { "start": { "line": 86, "column": 24 }, "end": { "line": 88, "column": 7 } },
				"line": 86
			}
		},
		"branchMap": {
			"0": {
				"loc": { "start": { "line": 51, "column": 3 }, "end": { "line": 54, "column": 4 } },
				"type": "if",
				"locations": [
					{ "start": { "line": 51, "column": 3 }, "end": { "line": 54, "column": 4 } },
					{ "start": { "line": 51, "column": 3 }, "end": { "line": 54, "column": 4 } }
				],
				"line": 51
			}
		},
		"s": {
			"0": 0,
			"1": 0,
			"2": 0,
			"3": 0,
			"4": 0,
			"5": 0,
			"6": 0,
			"7": 0,
			"8": 0,
			"9": 0,
			"10": 0,
			"11": 0,
			"12": 0,
			"13": 0,
			"14": 0,
			"15": 0,
			"16": 0,
			"17": 0,
			"18": 0,
			"19": 0,
			"20": 0,
			"21": 0,
			"22": 0,
			"23": 0,
			"24": 0,
			"25": 0,
			"26": 0,
			"27": 0,
			"28": 0,
			"29": 0,
			"30": 0,
			"31": 0,
			"32": 0,
			"33": 0
		},
		"f": { "0": 0, "1": 0, "2": 0, "3": 0, "4": 0, "5": 0, "6": 0, "7": 0, "8": 0, "9": 0, "10": 0, "11": 0, "12": 0 },
		"b": { "0": [0, 0] }
	},
	"D:\\Users\\Administrator\\Desktop\\WebDev Document\\local-project\\react-initbase\\src\\app\\pages\\RecordMgr\\ListTable\\config.tsx": {
		"path": "D:\\Users\\Administrator\\Desktop\\WebDev Document\\local-project\\react-initbase\\src\\app\\pages\\RecordMgr\\ListTable\\config.tsx",
		"statementMap": {
			"0": { "start": { "line": 7, "column": 18 }, "end": { "line": 9, "column": 1 } },
			"1": { "start": { "line": 10, "column": 29 }, "end": { "line": 17, "column": 1 } },
			"2": { "start": { "line": 19, "column": 22 }, "end": { "line": 26, "column": 1 } },
			"3": { "start": { "line": 20, "column": 19 }, "end": { "line": 20, "column": 24 } },
			"4": { "start": { "line": 21, "column": 1 }, "end": { "line": 25, "column": 2 } },
			"5": { "start": { "line": 28, "column": 31 }, "end": { "line": 96, "column": 1 } },
			"6": { "start": { "line": 30, "column": 2 }, "end": { "line": 32, "column": 3 } },
			"7": { "start": { "line": 35, "column": 2 }, "end": { "line": 94, "column": 3 } },
			"8": { "start": { "line": 41, "column": 5 }, "end": { "line": 41, "column": 35 } },
			"9": { "start": { "line": 49, "column": 5 }, "end": { "line": 49, "column": 30 } },
			"10": { "start": { "line": 57, "column": 5 }, "end": { "line": 57, "column": 30 } },
			"11": { "start": { "line": 65, "column": 5 }, "end": { "line": 65, "column": 43 } },
			"12": { "start": { "line": 73, "column": 5 }, "end": { "line": 91, "column": 6 } },
			"13": { "start": { "line": 81, "column": 9 }, "end": { "line": 81, "column": 43 } }
		},
		"fnMap": {
			"0": {
				"name": "(anonymous_0)",
				"decl": { "start": { "line": 19, "column": 22 }, "end": { "line": 19, "column": 23 } },
				"loc": { "start": { "line": 19, "column": 38 }, "end": { "line": 26, "column": 1 } },
				"line": 19
			},
			"1": {
				"name": "(anonymous_1)",
				"decl": { "start": { "line": 29, "column": 1 }, "end": { "line": 29, "column": 2 } },
				"loc": { "start": { "line": 29, "column": 21 }, "end": { "line": 33, "column": 2 } },
				"line": 29
			},
			"2": {
				"name": "(anonymous_2)",
				"decl": { "start": { "line": 34, "column": 1 }, "end": { "line": 34, "column": 2 } },
				"loc": { "start": { "line": 34, "column": 23 }, "end": { "line": 95, "column": 2 } },
				"line": 34
			},
			"3": {
				"name": "(anonymous_3)",
				"decl": { "start": { "line": 40, "column": 4 }, "end": { "line": 40, "column": 5 } },
				"loc": { "start": { "line": 40, "column": 26 }, "end": { "line": 42, "column": 5 } },
				"line": 40
			},
			"4": {
				"name": "(anonymous_4)",
				"decl": { "start": { "line": 48, "column": 4 }, "end": { "line": 48, "column": 5 } },
				"loc": { "start": { "line": 48, "column": 26 }, "end": { "line": 50, "column": 5 } },
				"line": 48
			},
			"5": {
				"name": "(anonymous_5)",
				"decl": { "start": { "line": 56, "column": 4 }, "end": { "line": 56, "column": 5 } },
				"loc": { "start": { "line": 56, "column": 26 }, "end": { "line": 58, "column": 5 } },
				"line": 56
			},
			"6": {
				"name": "(anonymous_6)",
				"decl": { "start": { "line": 64, "column": 4 }, "end": { "line": 64, "column": 5 } },
				"loc": { "start": { "line": 64, "column": 26 }, "end": { "line": 66, "column": 5 } },
				"line": 64
			},
			"7": {
				"name": "(anonymous_7)",
				"decl": { "start": { "line": 72, "column": 4 }, "end": { "line": 72, "column": 5 } },
				"loc": { "start": { "line": 72, "column": 67 }, "end": { "line": 92, "column": 5 } },
				"line": 72
			},
			"8": {
				"name": "(anonymous_8)",
				"decl": { "start": { "line": 80, "column": 17 }, "end": { "line": 80, "column": 18 } },
				"loc": { "start": { "line": 80, "column": 23 }, "end": { "line": 82, "column": 9 } },
				"line": 80
			}
		},
		"branchMap": {
			"0": {
				"loc": { "start": { "line": 41, "column": 18 }, "end": { "line": 41, "column": 28 } },
				"type": "binary-expr",
				"locations": [
					{ "start": { "line": 41, "column": 18 }, "end": { "line": 41, "column": 23 } },
					{ "start": { "line": 41, "column": 27 }, "end": { "line": 41, "column": 28 } }
				],
				"line": 41
			}
		},
		"s": { "0": 0, "1": 0, "2": 0, "3": 0, "4": 0, "5": 0, "6": 0, "7": 0, "8": 0, "9": 0, "10": 0, "11": 0, "12": 0, "13": 0 },
		"f": { "0": 0, "1": 0, "2": 0, "3": 0, "4": 0, "5": 0, "6": 0, "7": 0, "8": 0 },
		"b": { "0": [0, 0] }
	},
	"D:\\Users\\Administrator\\Desktop\\WebDev Document\\local-project\\react-initbase\\src\\app\\pages\\RecordMgr\\ListTable\\index.tsx": {
		"path": "D:\\Users\\Administrator\\Desktop\\WebDev Document\\local-project\\react-initbase\\src\\app\\pages\\RecordMgr\\ListTable\\index.tsx",
		"statementMap": {
			"0": { "start": { "line": 6, "column": 25 }, "end": { "line": 9, "column": 1 } },
			"1": { "start": { "line": 11, "column": 50 }, "end": { "line": 11, "column": 55 } },
			"2": { "start": { "line": 12, "column": 55 }, "end": { "line": 12, "column": 77 } },
			"3": { "start": { "line": 14, "column": 1 }, "end": { "line": 18, "column": 2 } },
			"4": { "start": { "line": 15, "column": 2 }, "end": { "line": 15, "column": 35 } },
			"5": { "start": { "line": 16, "column": 2 }, "end": { "line": 16, "column": 77 } },
			"6": { "start": { "line": 17, "column": 2 }, "end": { "line": 17, "column": 63 } },
			"7": { "start": { "line": 20, "column": 1 }, "end": { "line": 29, "column": 11 } },
			"8": { "start": { "line": 21, "column": 33 }, "end": { "line": 27, "column": 5 } },
			"9": { "start": { "line": 23, "column": 4 }, "end": { "line": 23, "column": 76 } },
			"10": { "start": { "line": 26, "column": 4 }, "end": { "line": 26, "column": 25 } },
			"11": { "start": { "line": 28, "column": 2 }, "end": { "line": 28, "column": 54 } },
			"12": { "start": { "line": 31, "column": 1 }, "end": { "line": 45, "column": 2 } },
			"13": { "start": { "line": 47, "column": 0 }, "end": { "line": 50, "column": 1 } }
		},
		"fnMap": {
			"0": {
				"name": "ListTableRoot",
				"decl": { "start": { "line": 10, "column": 9 }, "end": { "line": 10, "column": 22 } },
				"loc": { "start": { "line": 10, "column": 51 }, "end": { "line": 46, "column": 1 } },
				"line": 10
			},
			"1": {
				"name": "(anonymous_1)",
				"decl": { "start": { "line": 20, "column": 11 }, "end": { "line": 20, "column": 12 } },
				"loc": { "start": { "line": 20, "column": 17 }, "end": { "line": 29, "column": 2 } },
				"line": 20
			},
			"2": {
				"name": "(anonymous_2)",
				"decl": { "start": { "line": 22, "column": 11 }, "end": { "line": 22, "column": 12 } },
				"loc": { "start": { "line": 22, "column": 52 }, "end": { "line": 24, "column": 4 } },
				"line": 22
			},
			"3": {
				"name": "(anonymous_3)",
				"decl": { "start": { "line": 25, "column": 8 }, "end": { "line": 25, "column": 9 } },
				"loc": { "start": { "line": 25, "column": 49 }, "end": { "line": 27, "column": 4 } },
				"line": 25
			}
		},
		"branchMap": {
			"0": {
				"loc": { "start": { "line": 14, "column": 1 }, "end": { "line": 18, "column": 2 } },
				"type": "if",
				"locations": [
					{ "start": { "line": 14, "column": 1 }, "end": { "line": 18, "column": 2 } },
					{ "start": { "line": 14, "column": 1 }, "end": { "line": 18, "column": 2 } }
				],
				"line": 14
			},
			"1": {
				"loc": { "start": { "line": 23, "column": 11 }, "end": { "line": 23, "column": 76 } },
				"type": "binary-expr",
				"locations": [
					{ "start": { "line": 23, "column": 11 }, "end": { "line": 23, "column": 24 } },
					{ "start": { "line": 23, "column": 28 }, "end": { "line": 23, "column": 58 } },
					{ "start": { "line": 23, "column": 62 }, "end": { "line": 23, "column": 76 } }
				],
				"line": 23
			},
			"2": {
				"loc": { "start": { "line": 26, "column": 11 }, "end": { "line": 26, "column": 25 } },
				"type": "binary-expr",
				"locations": [
					{ "start": { "line": 26, "column": 11 }, "end": { "line": 26, "column": 19 } },
					{ "start": { "line": 26, "column": 23 }, "end": { "line": 26, "column": 25 } }
				],
				"line": 26
			}
		},
		"s": { "0": 0, "1": 0, "2": 0, "3": 0, "4": 0, "5": 0, "6": 0, "7": 0, "8": 0, "9": 0, "10": 0, "11": 0, "12": 0, "13": 0 },
		"f": { "0": 0, "1": 0, "2": 0, "3": 0 },
		"b": { "0": [0, 0], "1": [0, 0, 0], "2": [0, 0] }
	},
	"D:\\Users\\Administrator\\Desktop\\WebDev Document\\local-project\\react-initbase\\src\\app\\router\\config.ts": {
		"path": "D:\\Users\\Administrator\\Desktop\\WebDev Document\\local-project\\react-initbase\\src\\app\\router\\config.ts",
		"statementMap": {},
		"fnMap": {},
		"branchMap": {},
		"s": {},
		"f": {},
[...]
				"locations": [
					{ "start": { "line": 61, "column": 21 }, "end": { "line": 61, "column": 46 } },
					{ "start": { "line": 61, "column": 50 }, "end": { "line": 61, "column": 52 } }
				],
				"line": 61
			},
			"12": {
				"loc": { "start": { "line": 64, "column": 2 }, "end": { "line": 66, "column": 3 } },
				"type": "if",
				"locations": [
					{ "start": { "line": 64, "column": 2 }, "end": { "line": 66, "column": 3 } },
					{ "start": { "line": 64, "column": 2 }, "end": { "line": 66, "column": 3 } }
				],
				"line": 64
			},
			"13": {
				"loc": { "start": { "line": 64, "column": 6 }, "end": { "line": 64, "column": 68 } },
				"type": "binary-expr",
				"locations": [
					{ "start": { "line": 64, "column": 6 }, "end": { "line": 64, "column": 48 } },
					{ "start": { "line": 64, "column": 52 }, "end": { "line": 64, "column": 68 } }
				],
				"line": 64
			},
			"14": {
				"loc": { "start": { "line": 73, "column": 21 }, "end": { "line": 73, "column": 44 } },
				"type": "binary-expr",
				"locations": [
					{ "start": { "line": 73, "column": 21 }, "end": { "line": 73, "column": 38 } },
					{ "start": { "line": 73, "column": 42 }, "end": { "line": 73, "column": 44 } }
				],
				"line": 73
			},
			"15": {
				"loc": { "start": { "line": 79, "column": 1 }, "end": { "line": 81, "column": 2 } },
				"type": "if",
				"locations": [
					{ "start": { "line": 79, "column": 1 }, "end": { "line": 81, "column": 2 } },
					{ "start": { "line": 79, "column": 1 }, "end": { "line": 81, "column": 2 } }
				],
				"line": 79
			}
		},
		"s": {
			"0": 0,
			"1": 0,
			"2": 0,
			"3": 0,
			"4": 0,
			"5": 0,
			"6": 0,
			"7": 0,
			"8": 0,
			"9": 0,
			"10": 0,
			"11": 0,
			"12": 0,
			"13": 0,
			"14": 0,
			"15": 0,
			"16": 0,
			"17": 0,
			"18": 0,
			"19": 0,
			"20": 0,
			"21": 0,
			"22": 0,
			"23": 0,
			"24": 0,
			"25": 0,
			"26": 0,
			"27": 0,
			"28": 0,
			"29": 0,
			"30": 0,
			"31": 0,
			"32": 0,
			"33": 0,
			"34": 0,
			"35": 0,
			"36": 0,
			"37": 0,
			"38": 0,
			"39": 0,
			"40": 0,
			"41": 0,
			"42": 0,
			"43": 0,
			"44": 0,
			"45": 0,
			"46": 0,
			"47": 0,
			"48": 0,
			"49": 0,
			"50": 0,
			"51": 0,
			"52": 0,
			"53": 0,
			"54": 0,
			"55": 0,
			"56": 0,
			"57": 0,
			"58": 0,
			"59": 0
		},
		"f": { "0": 0, "1": 0, "2": 0, "3": 0, "4": 0, "5": 0, "6": 0, "7": 0, "8": 0, "9": 0, "10": 0 },
		"b": {
			"0": [0, 0],
			"1": [0, 0],
			"2": [0],
			"3": [0, 0],
			"4": [0, 0],
			"5": [0, 0, 0],
			"6": [0, 0],
			"7": [0, 0],
			"8": [0],
			"9": [0, 0],
			"10": [0, 0],
			"11": [0, 0],
			"12": [0, 0],
			"13": [0, 0],
			"14": [0, 0],
			"15": [0, 0]
		}
	},
	"D:\\Users\\Administrator\\Desktop\\WebDev Document\\local-project\\react-initbase\\src\\server\\middleware\\dyelog\\index.ts": {
		"path": "D:\\Users\\Administrator\\Desktop\\WebDev Document\\local-project\\react-initbase\\src\\server\\middleware\\dyelog\\index.ts",
		"statementMap": {
			"0": { "start": { "line": 7, "column": 1 }, "end": { "line": 12, "column": 2 } },
			"1": { "start": { "line": 8, "column": 2 }, "end": { "line": 10, "column": 4 } },
			"2": { "start": { "line": 9, "column": 3 }, "end": { "line": 9, "column": 39 } },
			"3": { "start": { "line": 11, "column": 2 }, "end": { "line": 11, "column": 14 } }
		},
		"fnMap": {
			"0": {
				"name": "(anonymous_0)",
				"decl": { "start": { "line": 6, "column": 15 }, "end": { "line": 6, "column": 16 } },
				"loc": { "start": { "line": 6, "column": 33 }, "end": { "line": 13, "column": 1 } },
				"line": 6
			},
			"1": {
				"name": "(anonymous_1)",
				"decl": { "start": { "line": 7, "column": 8 }, "end": { "line": 7, "column": 9 } },
				"loc": { "start": { "line": 7, "column": 64 }, "end": { "line": 12, "column": 2 } },
				"line": 7
			},
			"2": {
				"name": "(anonymous_2)",
				"decl": { "start": { "line": 8, "column": 23 }, "end": { "line": 8, "column": 24 } },
				"loc": { "start": { "line": 8, "column": 29 }, "end": { "line": 10, "column": 3 } },
				"line": 8
			}
		},
		"branchMap": {},
		"s": { "0": 0, "1": 0, "2": 0, "3": 0 },
		"f": { "0": 0, "1": 0, "2": 0 },
		"b": {}
	},
	"D:\\Users\\Administrator\\Desktop\\WebDev Document\\local-project\\react-initbase\\src\\server\\router\\error.ts": {
		"path": "D:\\Users\\Administrator\\Desktop\\WebDev Document\\local-project\\react-initbase\\src\\server\\router\\error.ts",
		"statementMap": {
			"0": { "start": { "line": 7, "column": 2 }, "end": { "line": 7, "column": 18 } },
			"1": { "start": { "line": 8, "column": 25 }, "end": { "line": 8, "column": 39 } },
			"2": { "start": { "line": 9, "column": 2 }, "end": { "line": 9, "column": 95 } },
			"3": { "start": { "line": 10, "column": 2 }, "end": { "line": 10, "column": 13 } }
		},
		"fnMap": {
			"0": {
				"name": "(anonymous_0)",
				"decl": { "start": { "line": 6, "column": 6 }, "end": { "line": 6, "column": 7 } },
				"loc": { "start": { "line": 6, "column": 55 }, "end": { "line": 11, "column": 2 } },
				"line": 6
			}
		},
		"branchMap": {},
		"s": { "0": 0, "1": 0, "2": 0, "3": 0 },
		"f": { "0": 0 },
		"b": {}
	},
	"D:\\Users\\Administrator\\Desktop\\WebDev Document\\local-project\\react-initbase\\src\\server\\router\\index.ts": {
		"path": "D:\\Users\\Administrator\\Desktop\\WebDev Document\\local-project\\react-initbase\\src\\server\\router\\index.ts",
		"statementMap": {
			"0": { "start": { "line": 7, "column": 19 }, "end": { "line": 7, "column": 30 } },
			"1": { "start": { "line": 10, "column": 1 }, "end": { "line": 10, "column": 87 } },
			"2": { "start": { "line": 11, "column": 1 }, "end": { "line": 14, "column": 3 } },
			"3": { "start": { "line": 12, "column": 2 }, "end": { "line": 12, "column": 26 } },
			"4": { "start": { "line": 13, "column": 2 }, "end": { "line": 13, "column": 34 } },
			"5": { "start": { "line": 17, "column": 33 }, "end": { "line": 23, "column": 1 } },
			"6": { "start": { "line": 18, "column": 1 }, "end": { "line": 21, "column": 2 } },
			"7": { "start": { "line": 19, "column": 2 }, "end": { "line": 19, "column": 45 } },
			"8": { "start": { "line": 20, "column": 2 }, "end": { "line": 20, "column": 13 } },
			"9": { "start": { "line": 22, "column": 1 }, "end": { "line": 22, "column": 13 } }
		},
		"fnMap": {
			"0": {
				"name": "(anonymous_0)",
				"decl": { "start": { "line": 9, "column": 15 }, "end": { "line": 9, "column": 16 } },
				"loc": { "start": { "line": 9, "column": 29 }, "end": { "line": 15, "column": 1 } },
				"line": 9
			},
			"1": {
				"name": "(anonymous_1)",
				"decl": { "start": { "line": 11, "column": 20 }, "end": { "line": 11, "column": 21 } },
				"loc": { "start": { "line": 11, "column": 52 }, "end": { "line": 14, "column": 2 } },
				"line": 11
			},
			"2": {
				"name": "(anonymous_2)",
				"decl": { "start": { "line": 17, "column": 33 }, "end": { "line": 17, "column": 34 } },
				"loc": { "start": { "line": 17, "column": 83 }, "end": { "line": 23, "column": 1 } },
				"line": 17
			}
		},
		"branchMap": {
			"0": {
				"loc": { "start": { "line": 18, "column": 1 }, "end": { "line": 21, "column": 2 } },
				"type": "if",
				"locations": [
					{ "start": { "line": 18, "column": 1 }, "end": { "line": 21, "column": 2 } },
					{ "start": { "line": 18, "column": 1 }, "end": { "line": 21, "column": 2 } }
				],
				"line": 18
			}
		},
		"s": { "0": 0, "1": 0, "2": 0, "3": 0, "4": 0, "5": 0, "6": 0, "7": 0, "8": 0, "9": 0 },
		"f": { "0": 0, "1": 0, "2": 0 },
		"b": { "0": [0, 0] }
	},
	"D:\\Users\\Administrator\\Desktop\\WebDev Document\\local-project\\react-initbase\\src\\server\\router\\api\\index.ts": {
		"path": "D:\\Users\\Administrator\\Desktop\\WebDev Document\\local-project\\react-initbase\\src\\server\\router\\api\\index.ts",
		"statementMap": { "0": { "start": { "line": 6, "column": 30 }, "end": { "line": 6, "column": 50 } } },
		"fnMap": {},
		"branchMap": {},
		"s": { "0": 0 },
		"f": {},
		"b": {}
	},
	"D:\\Users\\Administrator\\Desktop\\WebDev Document\\local-project\\react-initbase\\src\\server\\router\\api\\main.ts": {
		"path": "D:\\Users\\Administrator\\Desktop\\WebDev Document\\local-project\\react-initbase\\src\\server\\router\\api\\main.ts",
		"statementMap": { "0": { "start": { "line": 3, "column": 18 }, "end": { "line": 3, "column": 24 } } },
		"fnMap": {},
		"branchMap": {},
		"s": { "0": 0 },
		"f": {},
		"b": {}
	},
	"D:\\Users\\Administrator\\Desktop\\WebDev Document\\local-project\\react-initbase\\src\\server\\router\\api\\record.ts": {
		"path": "D:\\Users\\Administrator\\Desktop\\WebDev Document\\local-project\\react-initbase\\src\\server\\router\\api\\record.ts",
		"statementMap": { "0": { "start": { "line": 3, "column": 18 }, "end": { "line": 3, "column": 31 } } },
		"fnMap": {},
		"branchMap": {},
		"s": { "0": 0 },
		"f": {},
		"b": {}
	},
	"D:\\Users\\Administrator\\Desktop\\WebDev Document\\local-project\\react-initbase\\src\\server\\types\\koa-context.ts": {
		"path": "D:\\Users\\Administrator\\Desktop\\WebDev Document\\local-project\\react-initbase\\src\\server\\types\\koa-context.ts",
		"statementMap": {},
		"fnMap": {},
		"branchMap": {},
		"s": {},
		"f": {},
		"b": {}
	},
	"D:\\Users\\Administrator\\Desktop\\WebDev Document\\local-project\\react-initbase\\src\\server\\types\\route.ts": {
		"path": "D:\\Users\\Administrator\\Desktop\\WebDev Document\\local-project\\react-initbase\\src\\server\\types\\route.ts",
		"statementMap": {},
		"fnMap": {},
		"branchMap": {},
		"s": {},
		"f": {},
		"b": {}
	},
	"D:\\Users\\Administrator\\Desktop\\WebDev Document\\local-project\\react-initbase\\src\\server\\utils\\layout.ts": {
		"path": "D:\\Users\\Administrator\\Desktop\\WebDev Document\\local-project\\react-initbase\\src\\server\\utils\\layout.ts",
		"statementMap": {
			"0": { "start": { "line": 2, "column": 24 }, "end": { "line": 2, "column": 48 } },
			"1": { "start": { "line": 3, "column": 23 }, "end": { "line": 3, "column": 46 } },
			"2": { "start": { "line": 4, "column": 18 }, "end": { "line": 4, "column": 20 } },
			"3": { "start": { "line": 5, "column": 17 }, "end": { "line": 5, "column": 19 } },
			"4": { "start": { "line": 7, "column": 1 }, "end": { "line": 9, "column": 3 } },
			"5": { "start": { "line": 8, "column": 2 }, "end": { "line": 8, "column": 58 } },
			"6": { "start": { "line": 10, "column": 1 }, "end": { "line": 12, "column": 3 } },
			"7": { "start": { "line": 11, "column": 2 }, "end": { "line": 11, "column": 48 } },
			"8": { "start": { "line": 13, "column": 1 }, "end": { "line": 35, "column": 5 } }
		},
		"fnMap": {
			"0": {
				"name": "(anonymous_0)",
				"decl": { "start": { "line": 1, "column": 15 }, "end": { "line": 1, "column": 16 } },
				"loc": { "start": { "line": 1, "column": 69 }, "end": { "line": 36, "column": 1 } },
				"line": 1
			},
			"1": {
				"name": "(anonymous_1)",
				"decl": { "start": { "line": 7, "column": 14 }, "end": { "line": 7, "column": 15 } },
				"loc": { "start": { "line": 7, "column": 32 }, "end": { "line": 9, "column": 2 } },
				"line": 7
			},
			"2": {
				"name": "(anonymous_2)",
				"decl": { "start": { "line": 10, "column": 13 }, "end": { "line": 10, "column": 14 } },
				"loc": { "start": { "line": 10, "column": 31 }, "end": { "line": 12, "column": 2 } },
				"line": 10
			}
		},
		"branchMap": {
			"0": {
				"loc": { "start": { "line": 20, "column": 18 }, "end": { "line": 20, "column": 66 } },
				"type": "binary-expr",
				"locations": [
					{ "start": { "line": 20, "column": 18 }, "end": { "line": 20, "column": 41 } },
					{ "start": { "line": 20, "column": 45 }, "end": { "line": 20, "column": 66 } }
				],
				"line": 20
			}
		},
		"s": { "0": 0, "1": 0, "2": 0, "3": 0, "4": 0, "5": 0, "6": 0, "7": 0, "8": 0 },
		"f": { "0": 0, "1": 0, "2": 0 },
		"b": { "0": [0, 0] }
	},
	"D:\\Users\\Administrator\\Desktop\\WebDev Document\\local-project\\react-initbase\\src\\server\\utils\\utils.ts": {
		"path": "D:\\Users\\Administrator\\Desktop\\WebDev Document\\local-project\\react-initbase\\src\\server\\utils\\utils.ts",
		"statementMap": {
			"0": { "start": { "line": 4, "column": 1 }, "end": { "line": 6, "column": 3 } },
			"1": { "start": { "line": 5, "column": 2 }, "end": { "line": 5, "column": 22 } },
			"2": { "start": { "line": 13, "column": 34 }, "end": { "line": 52, "column": 1 } },
			"3": { "start": { "line": 14, "column": 37 }, "end": { "line": 17, "column": 2 } },
			"4": { "start": { "line": 18, "column": 1 }, "end": { "line": 50, "column": 2 } },
			"5": { "start": { "line": 19, "column": 2 }, "end": { "line": 21, "column": 3 } },
			"6": { "start": { "line": 20, "column": 3 }, "end": { "line": 20, "column": 49 } },
			"7": { "start": { "line": 22, "column": 18 }, "end": { "line": 22, "column": 71 } },
			"8": { "start": { "line": 23, "column": 30 }, "end": { "line": 23, "column": 32 } },
			"9": { "start": { "line": 24, "column": 30 }, "end": { "line": 24, "column": 32 } },
			"10": { "start": { "line": 25, "column": 29 }, "end": { "line": 25, "column": 31 } },
			"11": { "start": { "line": 26, "column": 29 }, "end": { "line": 26, "column": 31 } },
			"12": { "start": { "line": 27, "column": 2 }, "end": { "line": 44, "column": 4 } },
			"13": { "start": { "line": 28, "column": 3 }, "end": { "line": 35, "column": 4 } },
			"14": { "start": { "line": 29, "column": 4 }, "end": { "line": 32, "column": 5 } },
			"15": { "start": { "line": 30, "column": 5 }, "end": { "line": 30, "column": 34 } },
			"16": { "start": { "line": 31, "column": 5 }, "end": { "line": 31, "column": 11 } },
			"17": { "start": { "line": 33, "column": 4 }, "end": { "line": 33, "column": 33 } },
			"18": { "start": { "line": 34, "column": 4 }, "end": { "line": 34, "column": 10 } },
			"19": { "start": { "line": 36, "column": 3 }, "end": { "line": 43, "column": 4 } },
			"20": { "start": { "line": 41, "column": 4 }, "end": { "line": 41, "column": 32 } },
			"21": { "start": { "line": 42, "column": 4 }, "end": { "line": 42, "column": 10 } },
			"22": { "start": { "line": 45, "column": 2 }, "end": { "line": 45, "column": 43 } },
			"23": { "start": { "line": 46, "column": 2 }, "end": { "line": 46, "column": 40 } },
			"24": { "start": { "line": 47, "column": 2 }, "end": { "line": 47, "column": 15 } },
			"25": { "start": { "line": 49, "column": 2 }, "end": { "line": 49, "column": 16 } },
			"26": { "start": { "line": 51, "column": 1 }, "end": { "line": 51, "column": 14 } },
			"27": { "start": { "line": 54, "column": 27 }, "end": { "line": 74, "column": 1 } },
			"28": { "start": { "line": 55, "column": 14 }, "end": { "line": 64, "column": 2 } },
			"29": { "start": { "line": 65, "column": 1 }, "end": { "line": 67, "column": 2 } },
			"30": { "start": { "line": 66, "column": 2 }, "end": { "line": 66, "column": 92 } },
			"31": { "start": { "line": 68, "column": 1 }, "end": { "line": 72, "column": 2 } },
			"32": { "start": { "line": 69, "column": 2 }, "end": { "line": 71, "column": 3 } },
			"33": { "start": { "line": 70, "column": 3 }, "end": { "line": 70, "column": 110 } },
			"34": { "start": { "line": 73, "column": 1 }, "end": { "line": 73, "column": 14 } }
		},
		"fnMap": {
			"0": {
				"name": "sleep",
				"decl": { "start": { "line": 3, "column": 22 }, "end": { "line": 3, "column": 27 } },
				"loc": { "start": { "line": 3, "column": 50 }, "end": { "line": 7, "column": 1 } },
				"line": 3
			},
			"1": {
				"name": "(anonymous_1)",
				"decl": { "start": { "line": 4, "column": 20 }, "end": { "line": 4, "column": 21 } },
				"loc": { "start": { "line": 4, "column": 35 }, "end": { "line": 6, "column": 2 } },
				"line": 4
			},
			"2": {
				"name": "(anonymous_2)",
				"decl": { "start": { "line": 13, "column": 34 }, "end": { "line": 13, "column": 35 } },
				"loc": { "start": { "line": 13, "column": 84 }, "end": { "line": 52, "column": 1 } },
				"line": 13
			},
			"3": {
				"name": "(anonymous_3)",
				"decl": { "start": { "line": 27, "column": 31 }, "end": { "line": 27, "column": 32 } },
				"loc": { "start": { "line": 27, "column": 76 }, "end": { "line": 44, "column": 3 } },
				"line": 27
			},
			"4": {
				"name": "(anonymous_4)",
				"decl": { "start": { "line": 54, "column": 27 }, "end": { "line": 54, "column": 28 } },
				"loc": { "start": { "line": 54, "column": 98 }, "end": { "line": 74, "column": 1 } },
				"line": 54
			}
		},
		"branchMap": {
			"0": {
				"loc": { "start": { "line": 3, "column": 28 }, "end": { "line": 3, "column": 48 } },
				"type": "default-arg",
				"locations": [{ "start": { "line": 3, "column": 44 }, "end": { "line": 3, "column": 48 } }],
				"line": 3
			},
			"1": {
				"loc": { "start": { "line": 19, "column": 2 }, "end": { "line": 21, "column": 3 } },
				"type": "if",
				"locations": [
					{ "start": { "line": 19, "column": 2 }, "end": { "line": 21, "column": 3 } },
					{ "start": { "line": 19, "column": 2 }, "end": { "line": 21, "column": 3 } }
				],
				"line": 19
			},
			"2": {
				"loc": { "start": { "line": 28, "column": 3 }, "end": { "line": 35, "column": 4 } },
				"type": "if",
				"locations": [
					{ "start": { "line": 28, "column": 3 }, "end": { "line": 35, "column": 4 } },
					{ "start": { "line": 28, "column": 3 }, "end": { "line": 35, "column": 4 } }
				],
				"line": 28
			},
			"3": {
				"loc": { "start": { "line": 29, "column": 4 }, "end": { "line": 32, "column": 5 } },
				"type": "if",
				"locations": [
					{ "start": { "line": 29, "column": 4 }, "end": { "line": 32, "column": 5 } },
					{ "start": { "line": 29, "column": 4 }, "end": { "line": 32, "column": 5 } }
				],
				"line": 29
			},
			"4": {
				"loc": { "start": { "line": 36, "column": 3 }, "end": { "line": 43, "column": 4 } },
				"type": "if",
				"locations": [
					{ "start": { "line": 36, "column": 3 }, "end": { "line": 43, "column": 4 } },
					{ "start": { "line": 36, "column": 3 }, "end": { "line": 43, "column": 4 } }
				],
				"line": 36
			},
			"5": {
				"loc": { "start": { "line": 54, "column": 28 }, "end": { "line": 54, "column": 45 } },
				"type": "default-arg",
				"locations": [{ "start": { "line": 54, "column": 35 }, "end": { "line": 54, "column": 45 } }],
				"line": 54
			},
			"6": {
				"loc": { "start": { "line": 54, "column": 47 }, "end": { "line": 54, "column": 85 } },
				"type": "default-arg",
				"locations": [{ "start": { "line": 54, "column": 64 }, "end": { "line": 54, "column": 85 } }],
				"line": 54
			},
			"7": {
				"loc": { "start": { "line": 65, "column": 1 }, "end": { "line": 67, "column": 2 } },
				"type": "if",
				"locations": [
					{ "start": { "line": 65, "column": 1 }, "end": { "line": 67, "column": 2 } },
					{ "start": { "line": 65, "column": 1 }, "end": { "line": 67, "column": 2 } }
				],
				"line": 65
			},
			"8": {
				"loc": { "start": { "line": 69, "column": 2 }, "end": { "line": 71, "column": 3 } },
				"type": "if",
				"locations": [
					{ "start": { "line": 69, "column": 2 }, "end": { "line": 71, "column": 3 } },
					{ "start": { "line": 69, "column": 2 }, "end": { "line": 71, "column": 3 } }
				],
				"line": 69
			},
			"9": {
				"loc": { "start": { "line": 70, "column": 38 }, "end": { "line": 70, "column": 109 } },
				"type": "cond-expr",
				"locations": [
					{ "start": { "line": 70, "column": 62 }, "end": { "line": 70, "column": 66 } },
					{ "start": { "line": 70, "column": 69 }, "end": { "line": 70, "column": 109 } }
				],
				"line": 70
			}
		},
		"s": {
			"0": 0,
			"1": 0,
			"2": 0,
			"3": 0,
			"4": 0,
			"5": 0,
			"6": 0,
			"7": 0,
			"8": 0,
			"9": 0,
			"10": 0,
			"11": 0,
			"12": 0,
			"13": 0,
			"14": 0,
			"15": 0,
			"16": 0,
			"17": 0,
			"18": 0,
			"19": 0,
			"20": 0,
			"21": 0,
			"22": 0,
			"23": 0,
			"24": 0,
			"25": 0,
			"26": 0,
			"27": 0,
			"28": 0,
			"29": 0,
			"30": 0,
			"31": 0,
			"32": 0,
			"33": 0,
			"34": 0
		},
		"f": { "0": 0, "1": 0, "2": 0, "3": 0, "4": 0 },
		"b": { "0": [0], "1": [0, 0], "2": [0, 0], "3": [0, 0], "4": [0, 0], "5": [0], "6": [0], "7": [0, 0], "8": [0, 0], "9": [0, 0] }
	}
}
